{"C:\\Users\\k_tsunooka\\Desktop\\TaskBoard\\taskboard.client\\src\\api\\board-data.ts": {"path":"C:\\Users\\k_tsunooka\\Desktop\\TaskBoard\\taskboard.client\\src\\api\\board-data.ts","statementMap":{"0":{"start":{"line":29,"column":26},"end":{"line":41,"column":null}},"1":{"start":{"line":30,"column":20},"end":{"line":30,"column":null}},"2":{"start":{"line":32,"column":2},"end":{"line":40,"column":null}},"3":{"start":{"line":34,"column":33},"end":{"line":37,"column":null}},"4":{"start":{"line":38,"column":6},"end":{"line":38,"column":null}},"5":{"start":{"line":44,"column":30},"end":{"line":47,"column":null}},"6":{"start":{"line":45,"column":15},"end":{"line":45,"column":null}},"7":{"start":{"line":46,"column":2},"end":{"line":46,"column":null}},"8":{"start":{"line":50,"column":24},"end":{"line":53,"column":null}},"9":{"start":{"line":51,"column":14},"end":{"line":51,"column":null}},"10":{"start":{"line":52,"column":2},"end":{"line":52,"column":null}},"11":{"start":{"line":57,"column":6},"end":{"line":59,"column":null}},"12":{"start":{"line":58,"column":2},"end":{"line":58,"column":null}},"13":{"start":{"line":61,"column":6},"end":{"line":63,"column":null}},"14":{"start":{"line":62,"column":2},"end":{"line":62,"column":null}},"15":{"start":{"line":65,"column":6},"end":{"line":67,"column":null}},"16":{"start":{"line":66,"column":2},"end":{"line":66,"column":null}},"17":{"start":{"line":69,"column":6},"end":{"line":81,"column":null}},"18":{"start":{"line":74,"column":2},"end":{"line":80,"column":null}},"19":{"start":{"line":83,"column":6},"end":{"line":95,"column":null}},"20":{"start":{"line":84,"column":2},"end":{"line":94,"column":null}},"21":{"start":{"line":98,"column":6},"end":{"line":101,"column":null}},"22":{"start":{"line":99,"column":29},"end":{"line":99,"column":null}},"23":{"start":{"line":100,"column":2},"end":{"line":100,"column":null}},"24":{"start":{"line":104,"column":6},"end":{"line":109,"column":null}},"25":{"start":{"line":105,"column":15},"end":{"line":105,"column":null}},"26":{"start":{"line":106,"column":16},"end":{"line":106,"column":null}},"27":{"start":{"line":107,"column":14},"end":{"line":107,"column":null}},"28":{"start":{"line":108,"column":2},"end":{"line":108,"column":null}},"29":{"start":{"line":115,"column":13},"end":{"line":125,"column":null}},"30":{"start":{"line":116,"column":2},"end":{"line":124,"column":null}},"31":{"start":{"line":128,"column":13},"end":{"line":143,"column":null}},"32":{"start":{"line":132,"column":2},"end":{"line":142,"column":null}}},"fnMap":{"0":{"name":"(anonymous_0)","decl":{"start":{"line":29,"column":26},"end":{"line":29,"column":60}},"loc":{"start":{"line":29,"column":60},"end":{"line":41,"column":null}},"line":29},"1":{"name":"(anonymous_1)","decl":{"start":{"line":33,"column":18},"end":{"line":33,"column":25}},"loc":{"start":{"line":33,"column":35},"end":{"line":39,"column":5}},"line":33},"2":{"name":"(anonymous_2)","decl":{"start":{"line":44,"column":30},"end":{"line":44,"column":63}},"loc":{"start":{"line":44,"column":63},"end":{"line":47,"column":null}},"line":44},"3":{"name":"(anonymous_3)","decl":{"start":{"line":50,"column":24},"end":{"line":50,"column":55}},"loc":{"start":{"line":50,"column":55},"end":{"line":53,"column":null}},"line":50},"4":{"name":"(anonymous_4)","decl":{"start":{"line":57,"column":6},"end":{"line":57,"column":20}},"loc":{"start":{"line":57,"column":47},"end":{"line":59,"column":null}},"line":57},"5":{"name":"(anonymous_5)","decl":{"start":{"line":61,"column":6},"end":{"line":61,"column":20}},"loc":{"start":{"line":61,"column":51},"end":{"line":63,"column":null}},"line":61},"6":{"name":"(anonymous_6)","decl":{"start":{"line":65,"column":6},"end":{"line":65,"column":20}},"loc":{"start":{"line":65,"column":51},"end":{"line":67,"column":null}},"line":65},"7":{"name":"(anonymous_7)","decl":{"start":{"line":69,"column":6},"end":{"line":69,"column":null}},"loc":{"start":{"line":73,"column":16},"end":{"line":81,"column":null}},"line":73},"8":{"name":"(anonymous_8)","decl":{"start":{"line":83,"column":6},"end":{"line":83,"column":20}},"loc":{"start":{"line":83,"column":47},"end":{"line":95,"column":null}},"line":83},"9":{"name":"(anonymous_9)","decl":{"start":{"line":98,"column":6},"end":{"line":98,"column":23}},"loc":{"start":{"line":98,"column":47},"end":{"line":101,"column":null}},"line":98},"10":{"name":"(anonymous_10)","decl":{"start":{"line":104,"column":6},"end":{"line":104,"column":24}},"loc":{"start":{"line":104,"column":47},"end":{"line":109,"column":null}},"line":104},"11":{"name":"(anonymous_11)","decl":{"start":{"line":115,"column":13},"end":{"line":115,"column":36}},"loc":{"start":{"line":115,"column":74},"end":{"line":125,"column":null}},"line":115},"12":{"name":"(anonymous_12)","decl":{"start":{"line":128,"column":13},"end":{"line":128,"column":null}},"loc":{"start":{"line":131,"column":24},"end":{"line":143,"column":null}},"line":131}},"branchMap":{"0":{"loc":{"start":{"line":87,"column":13},"end":{"line":87,"column":null}},"type":"binary-expr","locations":[{"start":{"line":87,"column":13},"end":{"line":87,"column":28}},{"start":{"line":87,"column":28},"end":{"line":87,"column":null}}],"line":87},"1":{"loc":{"start":{"line":88,"column":16},"end":{"line":88,"column":null}},"type":"binary-expr","locations":[{"start":{"line":88,"column":16},"end":{"line":88,"column":34}},{"start":{"line":88,"column":34},"end":{"line":88,"column":null}}],"line":88},"2":{"loc":{"start":{"line":89,"column":14},"end":{"line":89,"column":null}},"type":"cond-expr","locations":[{"start":{"line":89,"column":29},"end":{"line":89,"column":59}},{"start":{"line":89,"column":59},"end":{"line":89,"column":null}}],"line":89},"3":{"loc":{"start":{"line":91,"column":16},"end":{"line":91,"column":null}},"type":"binary-expr","locations":[{"start":{"line":91,"column":16},"end":{"line":91,"column":34}},{"start":{"line":91,"column":34},"end":{"line":91,"column":null}}],"line":91},"4":{"loc":{"start":{"line":92,"column":16},"end":{"line":92,"column":null}},"type":"binary-expr","locations":[{"start":{"line":92,"column":16},"end":{"line":92,"column":34}},{"start":{"line":92,"column":34},"end":{"line":92,"column":null}}],"line":92},"5":{"loc":{"start":{"line":117,"column":16},"end":{"line":117,"column":null}},"type":"binary-expr","locations":[{"start":{"line":117,"column":16},"end":{"line":117,"column":35}},{"start":{"line":117,"column":35},"end":{"line":117,"column":null}}],"line":117},"6":{"loc":{"start":{"line":118,"column":16},"end":{"line":118,"column":null}},"type":"binary-expr","locations":[{"start":{"line":118,"column":16},"end":{"line":118,"column":35}},{"start":{"line":118,"column":35},"end":{"line":118,"column":null}}],"line":118},"7":{"loc":{"start":{"line":122,"column":14},"end":{"line":122,"column":null}},"type":"cond-expr","locations":[{"start":{"line":122,"column":30},"end":{"line":122,"column":62}},{"start":{"line":122,"column":62},"end":{"line":122,"column":null}}],"line":122},"8":{"loc":{"start":{"line":135,"column":16},"end":{"line":135,"column":null}},"type":"binary-expr","locations":[{"start":{"line":135,"column":16},"end":{"line":135,"column":35}},{"start":{"line":135,"column":35},"end":{"line":135,"column":null}}],"line":135},"9":{"loc":{"start":{"line":136,"column":16},"end":{"line":136,"column":null}},"type":"binary-expr","locations":[{"start":{"line":136,"column":16},"end":{"line":136,"column":35}},{"start":{"line":136,"column":35},"end":{"line":136,"column":null}}],"line":136},"10":{"loc":{"start":{"line":140,"column":14},"end":{"line":140,"column":null}},"type":"cond-expr","locations":[{"start":{"line":140,"column":30},"end":{"line":140,"column":62}},{"start":{"line":140,"column":62},"end":{"line":140,"column":null}}],"line":140}},"s":{"0":1,"1":0,"2":0,"3":0,"4":0,"5":1,"6":0,"7":0,"8":1,"9":0,"10":0,"11":1,"12":0,"13":1,"14":0,"15":1,"16":0,"17":1,"18":0,"19":1,"20":0,"21":1,"22":0,"23":0,"24":1,"25":5,"26":5,"27":5,"28":5,"29":1,"30":5,"31":1,"32":2},"f":{"0":0,"1":0,"2":0,"3":0,"4":0,"5":0,"6":0,"7":0,"8":0,"9":0,"10":5,"11":5,"12":2},"b":{"0":[0,0],"1":[0,0],"2":[0,0],"3":[0,0],"4":[0,0],"5":[5,1],"6":[5,1],"7":[4,1],"8":[2,0],"9":[2,1],"10":[1,1]},"meta":{"lastBranch":11,"lastFunction":13,"lastStatement":33,"seen":{"s:29:26:41:Infinity":0,"f:29:26:29:60":0,"s:30:20:30:Infinity":1,"s:32:2:40:Infinity":2,"f:33:18:33:25":1,"s:34:33:37:Infinity":3,"s:38:6:38:Infinity":4,"s:44:30:47:Infinity":5,"f:44:30:44:63":2,"s:45:15:45:Infinity":6,"s:46:2:46:Infinity":7,"s:50:24:53:Infinity":8,"f:50:24:50:55":3,"s:51:14:51:Infinity":9,"s:52:2:52:Infinity":10,"s:57:6:59:Infinity":11,"f:57:6:57:20":4,"s:58:2:58:Infinity":12,"s:61:6:63:Infinity":13,"f:61:6:61:20":5,"s:62:2:62:Infinity":14,"s:65:6:67:Infinity":15,"f:65:6:65:20":6,"s:66:2:66:Infinity":16,"s:69:6:81:Infinity":17,"f:69:6:69:Infinity":7,"s:74:2:80:Infinity":18,"s:83:6:95:Infinity":19,"f:83:6:83:20":8,"s:84:2:94:Infinity":20,"b:87:13:87:28:87:28:87:Infinity":0,"b:88:16:88:34:88:34:88:Infinity":1,"b:89:29:89:59:89:59:89:Infinity":2,"b:91:16:91:34:91:34:91:Infinity":3,"b:92:16:92:34:92:34:92:Infinity":4,"s:98:6:101:Infinity":21,"f:98:6:98:23":9,"s:99:29:99:Infinity":22,"s:100:2:100:Infinity":23,"s:104:6:109:Infinity":24,"f:104:6:104:24":10,"s:105:15:105:Infinity":25,"s:106:16:106:Infinity":26,"s:107:14:107:Infinity":27,"s:108:2:108:Infinity":28,"s:115:13:125:Infinity":29,"f:115:13:115:36":11,"s:116:2:124:Infinity":30,"b:117:16:117:35:117:35:117:Infinity":5,"b:118:16:118:35:118:35:118:Infinity":6,"b:122:30:122:62:122:62:122:Infinity":7,"s:128:13:143:Infinity":31,"f:128:13:128:Infinity":12,"s:132:2:142:Infinity":32,"b:135:16:135:35:135:35:135:Infinity":8,"b:136:16:136:35:136:35:136:Infinity":9,"b:140:30:140:62:140:62:140:Infinity":10},"fnNames":{}}}
,"C:\\Users\\k_tsunooka\\Desktop\\TaskBoard\\taskboard.client\\src\\api\\boards.ts": {"path":"C:\\Users\\k_tsunooka\\Desktop\\TaskBoard\\taskboard.client\\src\\api\\boards.ts","statementMap":{"0":{"start":{"line":9,"column":25},"end":{"line":14,"column":null}},"1":{"start":{"line":13,"column":17},"end":{"line":13,"column":null}}},"fnMap":{"0":{"name":"(anonymous_0)","decl":{"start":{"line":13,"column":2},"end":{"line":13,"column":17}},"loc":{"start":{"line":13,"column":17},"end":{"line":13,"column":null}},"line":13}},"branchMap":{},"s":{"0":1,"1":0},"f":{"0":0},"b":{},"meta":{"lastBranch":0,"lastFunction":1,"lastStatement":2,"seen":{"s:9:25:14:Infinity":0,"f:13:2:13:17":0,"s:13:17:13:Infinity":1},"fnNames":{}}}
,"C:\\Users\\k_tsunooka\\Desktop\\TaskBoard\\taskboard.client\\src\\api\\categories.ts": {"path":"C:\\Users\\k_tsunooka\\Desktop\\TaskBoard\\taskboard.client\\src\\api\\categories.ts","statementMap":{"0":{"start":{"line":9,"column":29},"end":{"line":16,"column":null}},"1":{"start":{"line":15,"column":17},"end":{"line":15,"column":null}}},"fnMap":{"0":{"name":"(anonymous_0)","decl":{"start":{"line":15,"column":2},"end":{"line":15,"column":17}},"loc":{"start":{"line":15,"column":17},"end":{"line":15,"column":null}},"line":15}},"branchMap":{},"s":{"0":1,"1":0},"f":{"0":0},"b":{},"meta":{"lastBranch":0,"lastFunction":1,"lastStatement":2,"seen":{"s:9:29:16:Infinity":0,"f:15:2:15:17":0,"s:15:17:15:Infinity":1},"fnNames":{}}}
,"C:\\Users\\k_tsunooka\\Desktop\\TaskBoard\\taskboard.client\\src\\api\\client.ts": {"path":"C:\\Users\\k_tsunooka\\Desktop\\TaskBoard\\taskboard.client\\src\\api\\client.ts","statementMap":{"0":{"start":{"line":4,"column":2},"end":{"line":4,"column":null}},"1":{"start":{"line":13,"column":4},"end":{"line":13,"column":null}},"2":{"start":{"line":14,"column":4},"end":{"line":14,"column":null}},"3":{"start":{"line":15,"column":4},"end":{"line":15,"column":null}},"4":{"start":{"line":16,"column":4},"end":{"line":16,"column":null}},"5":{"start":{"line":22,"column":16},"end":{"line":57,"column":null}},"6":{"start":{"line":27,"column":18},"end":{"line":27,"column":null}},"7":{"start":{"line":33,"column":6},"end":{"line":33,"column":null}},"8":{"start":{"line":35,"column":42},"end":{"line":35,"column":null}},"9":{"start":{"line":36,"column":2},"end":{"line":36,"column":null}},"10":{"start":{"line":36,"column":15},"end":{"line":36,"column":null}},"11":{"start":{"line":37,"column":2},"end":{"line":37,"column":null}},"12":{"start":{"line":37,"column":15},"end":{"line":37,"column":null}},"13":{"start":{"line":39,"column":14},"end":{"line":43,"column":null}},"14":{"start":{"line":45,"column":2},"end":{"line":52,"column":null}},"15":{"start":{"line":46,"column":22},"end":{"line":46,"column":null}},"16":{"start":{"line":47,"column":4},"end":{"line":51,"column":null}},"17":{"start":{"line":55,"column":2},"end":{"line":55,"column":null}},"18":{"start":{"line":55,"column":26},"end":{"line":55,"column":null}},"19":{"start":{"line":56,"column":2},"end":{"line":56,"column":null}},"20":{"start":{"line":60,"column":18},"end":{"line":68,"column":null}},"21":{"start":{"line":61,"column":15},"end":{"line":61,"column":null}},"22":{"start":{"line":62,"column":2},"end":{"line":62,"column":null}},"23":{"start":{"line":62,"column":13},"end":{"line":62,"column":null}},"24":{"start":{"line":63,"column":2},"end":{"line":67,"column":null}},"25":{"start":{"line":64,"column":4},"end":{"line":64,"column":null}},"26":{"start":{"line":66,"column":4},"end":{"line":66,"column":null}},"27":{"start":{"line":71,"column":13},"end":{"line":82,"column":null}},"28":{"start":{"line":74,"column":18},"end":{"line":76,"column":null}},"29":{"start":{"line":75,"column":15},"end":{"line":75,"column":null}},"30":{"start":{"line":77,"column":2},"end":{"line":77,"column":null}},"31":{"start":{"line":77,"column":28},"end":{"line":77,"column":null}},"32":{"start":{"line":78,"column":17},"end":{"line":80,"column":null}},"33":{"start":{"line":79,"column":28},"end":{"line":79,"column":42}},"34":{"start":{"line":81,"column":2},"end":{"line":81,"column":null}},"35":{"start":{"line":84,"column":19},"end":{"line":89,"column":null}},"36":{"start":{"line":85,"column":28},"end":{"line":85,"column":null}},"37":{"start":{"line":86,"column":45},"end":{"line":86,"column":null}},"38":{"start":{"line":87,"column":44},"end":{"line":87,"column":null}},"39":{"start":{"line":88,"column":31},"end":{"line":88,"column":null}}},"fnMap":{"0":{"name":"constructor","decl":{"start":{"line":12,"column":2},"end":{"line":12,"column":14}},"loc":{"start":{"line":12,"column":63},"end":{"line":17,"column":null}},"line":12},"1":{"name":"(anonymous_1)","decl":{"start":{"line":22,"column":16},"end":{"line":22,"column":null}},"loc":{"start":{"line":26,"column":17},"end":{"line":57,"column":null}},"line":26},"2":{"name":"(anonymous_2)","decl":{"start":{"line":60,"column":18},"end":{"line":60,"column":25}},"loc":{"start":{"line":60,"column":61},"end":{"line":68,"column":null}},"line":60},"3":{"name":"(anonymous_3)","decl":{"start":{"line":71,"column":13},"end":{"line":71,"column":null}},"loc":{"start":{"line":73,"column":13},"end":{"line":82,"column":null}},"line":73},"4":{"name":"(anonymous_4)","decl":{"start":{"line":74,"column":41},"end":{"line":74,"column":null}},"loc":{"start":{"line":75,"column":15},"end":{"line":75,"column":null}},"line":75},"5":{"name":"(anonymous_5)","decl":{"start":{"line":79,"column":12},"end":{"line":79,"column":17}},"loc":{"start":{"line":79,"column":28},"end":{"line":79,"column":42}},"line":79},"6":{"name":"(anonymous_6)","decl":{"start":{"line":85,"column":2},"end":{"line":85,"column":11}},"loc":{"start":{"line":85,"column":28},"end":{"line":85,"column":null}},"line":85},"7":{"name":"(anonymous_7)","decl":{"start":{"line":86,"column":2},"end":{"line":86,"column":12}},"loc":{"start":{"line":86,"column":45},"end":{"line":86,"column":null}},"line":86},"8":{"name":"(anonymous_8)","decl":{"start":{"line":87,"column":2},"end":{"line":87,"column":11}},"loc":{"start":{"line":87,"column":44},"end":{"line":87,"column":null}},"line":87},"9":{"name":"(anonymous_9)","decl":{"start":{"line":88,"column":2},"end":{"line":88,"column":14}},"loc":{"start":{"line":88,"column":31},"end":{"line":88,"column":null}},"line":88}},"branchMap":{"0":{"loc":{"start":{"line":4,"column":2},"end":{"line":4,"column":null}},"type":"binary-expr","locations":[{"start":{"line":4,"column":2},"end":{"line":4,"column":39}},{"start":{"line":4,"column":39},"end":{"line":4,"column":null}}],"line":4},"1":{"loc":{"start":{"line":36,"column":2},"end":{"line":36,"column":null}},"type":"if","locations":[{"start":{"line":36,"column":2},"end":{"line":36,"column":null}},{"start":{},"end":{}}],"line":36},"2":{"loc":{"start":{"line":37,"column":2},"end":{"line":37,"column":null}},"type":"if","locations":[{"start":{"line":37,"column":2},"end":{"line":37,"column":null}},{"start":{},"end":{}}],"line":37},"3":{"loc":{"start":{"line":42,"column":10},"end":{"line":42,"column":null}},"type":"cond-expr","locations":[{"start":{"line":42,"column":20},"end":{"line":42,"column":43}},{"start":{"line":42,"column":43},"end":{"line":42,"column":null}}],"line":42},"4":{"loc":{"start":{"line":45,"column":2},"end":{"line":52,"column":null}},"type":"if","locations":[{"start":{"line":45,"column":2},"end":{"line":52,"column":null}},{"start":{},"end":{}}],"line":45},"5":{"loc":{"start":{"line":55,"column":2},"end":{"line":55,"column":null}},"type":"if","locations":[{"start":{"line":55,"column":2},"end":{"line":55,"column":null}},{"start":{},"end":{}}],"line":55},"6":{"loc":{"start":{"line":62,"column":2},"end":{"line":62,"column":null}},"type":"if","locations":[{"start":{"line":62,"column":2},"end":{"line":62,"column":null}},{"start":{},"end":{}}],"line":62},"7":{"loc":{"start":{"line":75,"column":15},"end":{"line":75,"column":null}},"type":"binary-expr","locations":[{"start":{"line":75,"column":15},"end":{"line":75,"column":34}},{"start":{"line":75,"column":34},"end":{"line":75,"column":null}}],"line":75},"8":{"loc":{"start":{"line":77,"column":2},"end":{"line":77,"column":null}},"type":"if","locations":[{"start":{"line":77,"column":2},"end":{"line":77,"column":null}},{"start":{},"end":{}}],"line":77}},"s":{"0":2,"1":1,"2":1,"3":1,"4":1,"5":2,"6":0,"7":0,"8":0,"9":0,"10":0,"11":0,"12":0,"13":0,"14":0,"15":0,"16":0,"17":0,"18":0,"19":0,"20":2,"21":0,"22":0,"23":0,"24":0,"25":0,"26":0,"27":2,"28":5,"29":8,"30":5,"31":2,"32":3,"33":4,"34":3,"35":2,"36":0,"37":0,"38":0,"39":0},"f":{"0":1,"1":0,"2":0,"3":5,"4":8,"5":4,"6":0,"7":0,"8":0,"9":0},"b":{"0":[2,0],"1":[0,0],"2":[0,0],"3":[0,0],"4":[0,0],"5":[0,0],"6":[0,0],"7":[8,6],"8":[2,3]},"meta":{"lastBranch":9,"lastFunction":10,"lastStatement":40,"seen":{"s:4:2:4:Infinity":0,"b:4:2:4:39:4:39:4:Infinity":0,"f:12:2:12:14":0,"s:13:4:13:Infinity":1,"s:14:4:14:Infinity":2,"s:15:4:15:Infinity":3,"s:16:4:16:Infinity":4,"s:22:16:57:Infinity":5,"f:22:16:22:Infinity":1,"s:27:18:27:Infinity":6,"s:33:6:33:Infinity":7,"s:35:42:35:Infinity":8,"b:36:2:36:Infinity:undefined:undefined:undefined:undefined":1,"s:36:2:36:Infinity":9,"s:36:15:36:Infinity":10,"b:37:2:37:Infinity:undefined:undefined:undefined:undefined":2,"s:37:2:37:Infinity":11,"s:37:15:37:Infinity":12,"s:39:14:43:Infinity":13,"b:42:20:42:43:42:43:42:Infinity":3,"b:45:2:52:Infinity:undefined:undefined:undefined:undefined":4,"s:45:2:52:Infinity":14,"s:46:22:46:Infinity":15,"s:47:4:51:Infinity":16,"b:55:2:55:Infinity:undefined:undefined:undefined:undefined":5,"s:55:2:55:Infinity":17,"s:55:26:55:Infinity":18,"s:56:2:56:Infinity":19,"s:60:18:68:Infinity":20,"f:60:18:60:25":2,"s:61:15:61:Infinity":21,"b:62:2:62:Infinity:undefined:undefined:undefined:undefined":6,"s:62:2:62:Infinity":22,"s:62:13:62:Infinity":23,"s:63:2:67:Infinity":24,"s:64:4:64:Infinity":25,"s:66:4:66:Infinity":26,"s:71:13:82:Infinity":27,"f:71:13:71:Infinity":3,"s:74:18:76:Infinity":28,"f:74:41:74:Infinity":4,"s:75:15:75:Infinity":29,"b:75:15:75:34:75:34:75:Infinity":7,"b:77:2:77:Infinity:undefined:undefined:undefined:undefined":8,"s:77:2:77:Infinity":30,"s:77:28:77:Infinity":31,"s:78:17:80:Infinity":32,"f:79:12:79:17":5,"s:79:28:79:42":33,"s:81:2:81:Infinity":34,"s:84:19:89:Infinity":35,"f:85:2:85:11":6,"s:85:28:85:Infinity":36,"f:86:2:86:12":7,"s:86:45:86:Infinity":37,"f:87:2:87:11":8,"s:87:44:87:Infinity":38,"f:88:2:88:14":9,"s:88:31:88:Infinity":39},"fnNames":{}}}
,"C:\\Users\\k_tsunooka\\Desktop\\TaskBoard\\taskboard.client\\src\\api\\positions.ts": {"path":"C:\\Users\\k_tsunooka\\Desktop\\TaskBoard\\taskboard.client\\src\\api\\positions.ts","statementMap":{"0":{"start":{"line":9,"column":28},"end":{"line":16,"column":null}},"1":{"start":{"line":15,"column":4},"end":{"line":15,"column":null}}},"fnMap":{"0":{"name":"(anonymous_0)","decl":{"start":{"line":14,"column":2},"end":{"line":14,"column":15}},"loc":{"start":{"line":15,"column":4},"end":{"line":15,"column":null}},"line":15}},"branchMap":{},"s":{"0":1,"1":0},"f":{"0":0},"b":{},"meta":{"lastBranch":0,"lastFunction":1,"lastStatement":2,"seen":{"s:9:28:16:Infinity":0,"f:14:2:14:15":0,"s:15:4:15:Infinity":1},"fnNames":{}}}
,"C:\\Users\\k_tsunooka\\Desktop\\TaskBoard\\taskboard.client\\src\\api\\resource.ts": {"path":"C:\\Users\\k_tsunooka\\Desktop\\TaskBoard\\taskboard.client\\src\\api\\resource.ts","statementMap":{"0":{"start":{"line":15,"column":13},"end":{"line":22,"column":null}},"1":{"start":{"line":17,"column":41},"end":{"line":22,"column":null}},"2":{"start":{"line":18,"column":19},"end":{"line":18,"column":null}},"3":{"start":{"line":19,"column":23},"end":{"line":19,"column":null}},"4":{"start":{"line":20,"column":27},"end":{"line":20,"column":null}},"5":{"start":{"line":21,"column":18},"end":{"line":21,"column":null}}},"fnMap":{"0":{"name":"(anonymous_0)","decl":{"start":{"line":15,"column":13},"end":{"line":15,"column":null}},"loc":{"start":{"line":17,"column":41},"end":{"line":22,"column":null}},"line":17},"1":{"name":"(anonymous_1)","decl":{"start":{"line":18,"column":2},"end":{"line":18,"column":12}},"loc":{"start":{"line":18,"column":19},"end":{"line":18,"column":null}},"line":18},"2":{"name":"(anonymous_2)","decl":{"start":{"line":19,"column":2},"end":{"line":19,"column":11}},"loc":{"start":{"line":19,"column":23},"end":{"line":19,"column":null}},"line":19},"3":{"name":"(anonymous_3)","decl":{"start":{"line":20,"column":2},"end":{"line":20,"column":11}},"loc":{"start":{"line":20,"column":27},"end":{"line":20,"column":null}},"line":20},"4":{"name":"(anonymous_4)","decl":{"start":{"line":21,"column":2},"end":{"line":21,"column":11}},"loc":{"start":{"line":21,"column":18},"end":{"line":21,"column":null}},"line":21}},"branchMap":{},"s":{"0":1,"1":4,"2":0,"3":0,"4":0,"5":0},"f":{"0":4,"1":0,"2":0,"3":0,"4":0},"b":{},"meta":{"lastBranch":0,"lastFunction":5,"lastStatement":6,"seen":{"s:15:13:22:Infinity":0,"f:15:13:15:Infinity":0,"s:17:41:22:Infinity":1,"f:18:2:18:12":1,"s:18:19:18:Infinity":2,"f:19:2:19:11":2,"s:19:23:19:Infinity":3,"f:20:2:20:11":3,"s:20:27:20:Infinity":4,"f:21:2:21:11":4,"s:21:18:21:Infinity":5},"fnNames":{}}}
,"C:\\Users\\k_tsunooka\\Desktop\\TaskBoard\\taskboard.client\\src\\api\\tasks.ts": {"path":"C:\\Users\\k_tsunooka\\Desktop\\TaskBoard\\taskboard.client\\src\\api\\tasks.ts","statementMap":{"0":{"start":{"line":9,"column":24},"end":{"line":14,"column":null}},"1":{"start":{"line":13,"column":4},"end":{"line":13,"column":null}}},"fnMap":{"0":{"name":"(anonymous_0)","decl":{"start":{"line":12,"column":2},"end":{"line":12,"column":15}},"loc":{"start":{"line":13,"column":4},"end":{"line":13,"column":null}},"line":13}},"branchMap":{},"s":{"0":1,"1":0},"f":{"0":0},"b":{},"meta":{"lastBranch":0,"lastFunction":1,"lastStatement":2,"seen":{"s:9:24:14:Infinity":0,"f:12:2:12:15":0,"s:13:4:13:Infinity":1},"fnNames":{}}}
,"C:\\Users\\k_tsunooka\\Desktop\\TaskBoard\\taskboard.client\\src\\api\\users.ts": {"path":"C:\\Users\\k_tsunooka\\Desktop\\TaskBoard\\taskboard.client\\src\\api\\users.ts","statementMap":{"0":{"start":{"line":4,"column":24},"end":{"line":10,"column":null}},"1":{"start":{"line":6,"column":15},"end":{"line":6,"column":null}},"2":{"start":{"line":9,"column":4},"end":{"line":9,"column":null}}},"fnMap":{"0":{"name":"(anonymous_0)","decl":{"start":{"line":6,"column":2},"end":{"line":6,"column":15}},"loc":{"start":{"line":6,"column":15},"end":{"line":6,"column":null}},"line":6},"1":{"name":"(anonymous_1)","decl":{"start":{"line":8,"column":2},"end":{"line":8,"column":13}},"loc":{"start":{"line":9,"column":4},"end":{"line":9,"column":null}},"line":9}},"branchMap":{},"s":{"0":1,"1":0,"2":0},"f":{"0":0,"1":0},"b":{},"meta":{"lastBranch":0,"lastFunction":2,"lastStatement":3,"seen":{"s:4:24:10:Infinity":0,"f:6:2:6:15":0,"s:6:15:6:Infinity":1,"f:8:2:8:13":1,"s:9:4:9:Infinity":2},"fnNames":{}}}
,"C:\\Users\\k_tsunooka\\Desktop\\TaskBoard\\taskboard.client\\src\\auth\\AuthContext.tsx": {"path":"C:\\Users\\k_tsunooka\\Desktop\\TaskBoard\\taskboard.client\\src\\auth\\AuthContext.tsx","statementMap":{"0":{"start":{"line":21,"column":6},"end":{"line":21,"column":null}},"1":{"start":{"line":23,"column":13},"end":{"line":68,"column":null}},"2":{"start":{"line":24,"column":18},"end":{"line":24,"column":null}},"3":{"start":{"line":25,"column":18},"end":{"line":25,"column":null}},"4":{"start":{"line":27,"column":2},"end":{"line":40,"column":null}},"5":{"start":{"line":29,"column":4},"end":{"line":32,"column":null}},"6":{"start":{"line":30,"column":6},"end":{"line":30,"column":null}},"7":{"start":{"line":31,"column":6},"end":{"line":31,"column":null}},"8":{"start":{"line":35,"column":21},"end":{"line":37,"column":null}},"9":{"start":{"line":36,"column":6},"end":{"line":36,"column":null}},"10":{"start":{"line":39,"column":4},"end":{"line":39,"column":null}},"11":{"start":{"line":39,"column":17},"end":{"line":39,"column":null}},"12":{"start":{"line":42,"column":27},"end":{"line":48,"column":null}},"13":{"start":{"line":43,"column":22},"end":{"line":46,"column":null}},"14":{"start":{"line":47,"column":4},"end":{"line":47,"column":null}},"15":{"start":{"line":47,"column":15},"end":{"line":47,"column":null}},"16":{"start":{"line":50,"column":18},"end":{"line":53,"column":null}},"17":{"start":{"line":51,"column":22},"end":{"line":51,"column":null}},"18":{"start":{"line":52,"column":4},"end":{"line":52,"column":null}},"19":{"start":{"line":52,"column":15},"end":{"line":52,"column":null}},"20":{"start":{"line":55,"column":2},"end":{"line":66,"column":null}},"21":{"start":{"line":71,"column":13},"end":{"line":75,"column":null}},"22":{"start":{"line":72,"column":8},"end":{"line":72,"column":null}},"23":{"start":{"line":73,"column":2},"end":{"line":73,"column":null}},"24":{"start":{"line":73,"column":12},"end":{"line":73,"column":null}},"25":{"start":{"line":74,"column":2},"end":{"line":74,"column":null}}},"fnMap":{"0":{"name":"(anonymous_0)","decl":{"start":{"line":23,"column":13},"end":{"line":23,"column":29}},"loc":{"start":{"line":23,"column":71},"end":{"line":68,"column":null}},"line":23},"1":{"name":"(anonymous_1)","decl":{"start":{"line":27,"column":2},"end":{"line":27,"column":18}},"loc":{"start":{"line":27,"column":18},"end":{"line":40,"column":5}},"line":27},"2":{"name":"(anonymous_2)","decl":{"start":{"line":29,"column":31},"end":{"line":29,"column":37}},"loc":{"start":{"line":29,"column":50},"end":{"line":32,"column":5}},"line":29},"3":{"name":"(anonymous_3)","decl":{"start":{"line":35,"column":35},"end":{"line":35,"column":54}},"loc":{"start":{"line":35,"column":71},"end":{"line":37,"column":5}},"line":35},"4":{"name":"(anonymous_4)","decl":{"start":{"line":39,"column":4},"end":{"line":39,"column":17}},"loc":{"start":{"line":39,"column":17},"end":{"line":39,"column":null}},"line":39},"5":{"name":"(anonymous_5)","decl":{"start":{"line":42,"column":27},"end":{"line":42,"column":39}},"loc":{"start":{"line":42,"column":39},"end":{"line":48,"column":null}},"line":42},"6":{"name":"(anonymous_6)","decl":{"start":{"line":50,"column":18},"end":{"line":50,"column":30}},"loc":{"start":{"line":50,"column":30},"end":{"line":53,"column":null}},"line":50},"7":{"name":"(anonymous_7)","decl":{"start":{"line":71,"column":13},"end":{"line":71,"column":47}},"loc":{"start":{"line":71,"column":47},"end":{"line":75,"column":null}},"line":71}},"branchMap":{"0":{"loc":{"start":{"line":47,"column":4},"end":{"line":47,"column":null}},"type":"if","locations":[{"start":{"line":47,"column":4},"end":{"line":47,"column":null}},{"start":{},"end":{}}],"line":47},"1":{"loc":{"start":{"line":52,"column":4},"end":{"line":52,"column":null}},"type":"if","locations":[{"start":{"line":52,"column":4},"end":{"line":52,"column":null}},{"start":{},"end":{}}],"line":52},"2":{"loc":{"start":{"line":60,"column":14},"end":{"line":60,"column":null}},"type":"binary-expr","locations":[{"start":{"line":60,"column":14},"end":{"line":60,"column":31}},{"start":{"line":60,"column":31},"end":{"line":60,"column":null}}],"line":60},"3":{"loc":{"start":{"line":73,"column":2},"end":{"line":73,"column":null}},"type":"if","locations":[{"start":{"line":73,"column":2},"end":{"line":73,"column":null}},{"start":{},"end":{}}],"line":73}},"s":{"0":1,"1":1,"2":0,"3":0,"4":0,"5":0,"6":0,"7":0,"8":0,"9":0,"10":0,"11":0,"12":0,"13":0,"14":0,"15":0,"16":0,"17":0,"18":0,"19":0,"20":0,"21":1,"22":0,"23":0,"24":0,"25":0},"f":{"0":0,"1":0,"2":0,"3":0,"4":0,"5":0,"6":0,"7":0},"b":{"0":[0,0],"1":[0,0],"2":[0,0],"3":[0,0]},"meta":{"lastBranch":4,"lastFunction":8,"lastStatement":26,"seen":{"s:21:6:21:Infinity":0,"s:23:13:68:Infinity":1,"f:23:13:23:29":0,"s:24:18:24:Infinity":2,"s:25:18:25:Infinity":3,"s:27:2:40:Infinity":4,"f:27:2:27:18":1,"s:29:4:32:Infinity":5,"f:29:31:29:37":2,"s:30:6:30:Infinity":6,"s:31:6:31:Infinity":7,"s:35:21:37:Infinity":8,"f:35:35:35:54":3,"s:36:6:36:Infinity":9,"s:39:4:39:Infinity":10,"f:39:4:39:17":4,"s:39:17:39:Infinity":11,"s:42:27:48:Infinity":12,"f:42:27:42:39":5,"s:43:22:46:Infinity":13,"b:47:4:47:Infinity:undefined:undefined:undefined:undefined":0,"s:47:4:47:Infinity":14,"s:47:15:47:Infinity":15,"s:50:18:53:Infinity":16,"f:50:18:50:30":6,"s:51:22:51:Infinity":17,"b:52:4:52:Infinity:undefined:undefined:undefined:undefined":1,"s:52:4:52:Infinity":18,"s:52:15:52:Infinity":19,"s:55:2:66:Infinity":20,"b:60:14:60:31:60:31:60:Infinity":2,"s:71:13:75:Infinity":21,"f:71:13:71:47":7,"s:72:8:72:Infinity":22,"b:73:2:73:Infinity:undefined:undefined:undefined:undefined":3,"s:73:2:73:Infinity":23,"s:73:12:73:Infinity":24,"s:74:2:74:Infinity":25},"fnNames":{}}}
,"C:\\Users\\k_tsunooka\\Desktop\\TaskBoard\\taskboard.client\\src\\components\\CharCounter.tsx": {"path":"C:\\Users\\k_tsunooka\\Desktop\\TaskBoard\\taskboard.client\\src\\components\\CharCounter.tsx","statementMap":{"0":{"start":{"line":7,"column":6},"end":{"line":16,"column":null}},"1":{"start":{"line":9,"column":4},"end":{"line":13,"column":null}},"2":{"start":{"line":15,"column":2},"end":{"line":15,"column":null}}},"fnMap":{"0":{"name":"(anonymous_0)","decl":{"start":{"line":7,"column":6},"end":{"line":7,"column":21}},"loc":{"start":{"line":7,"column":49},"end":{"line":16,"column":null}},"line":7}},"branchMap":{"0":{"loc":{"start":{"line":9,"column":4},"end":{"line":13,"column":null}},"type":"cond-expr","locations":[{"start":{"line":10,"column":8},"end":{"line":10,"column":null}},{"start":{"line":11,"column":8},"end":{"line":13,"column":null}}],"line":9},"1":{"loc":{"start":{"line":11,"column":8},"end":{"line":13,"column":null}},"type":"cond-expr","locations":[{"start":{"line":12,"column":10},"end":{"line":12,"column":null}},{"start":{"line":13,"column":10},"end":{"line":13,"column":null}}],"line":11}},"s":{"0":8,"1":125,"2":125},"f":{"0":125},"b":{"0":[1,124],"1":[1,123]},"meta":{"lastBranch":2,"lastFunction":1,"lastStatement":3,"seen":{"s:7:6:16:Infinity":0,"f:7:6:7:21":0,"s:9:4:13:Infinity":1,"b:10:8:10:Infinity:11:8:13:Infinity":0,"b:12:10:12:Infinity:13:10:13:Infinity":1,"s:15:2:15:Infinity":2},"fnNames":{}}}
,"C:\\Users\\k_tsunooka\\Desktop\\TaskBoard\\taskboard.client\\src\\components\\CloseButton.tsx": {"path":"C:\\Users\\k_tsunooka\\Desktop\\TaskBoard\\taskboard.client\\src\\components\\CloseButton.tsx","statementMap":{"0":{"start":{"line":6,"column":6},"end":{"line":16,"column":null}},"1":{"start":{"line":7,"column":2},"end":{"line":14,"column":null}}},"fnMap":{"0":{"name":"(anonymous_0)","decl":{"start":{"line":6,"column":6},"end":{"line":6,"column":21}},"loc":{"start":{"line":6,"column":55},"end":{"line":16,"column":null}},"line":6}},"branchMap":{},"s":{"0":11,"1":83},"f":{"0":83},"b":{},"meta":{"lastBranch":0,"lastFunction":1,"lastStatement":2,"seen":{"s:6:6:16:Infinity":0,"f:6:6:6:21":0,"s:7:2:14:Infinity":1},"fnNames":{}}}
,"C:\\Users\\k_tsunooka\\Desktop\\TaskBoard\\taskboard.client\\src\\constants\\textLimits.ts": {"path":"C:\\Users\\k_tsunooka\\Desktop\\TaskBoard\\taskboard.client\\src\\constants\\textLimits.ts","statementMap":{"0":{"start":{"line":5,"column":27},"end":{"line":12,"column":null}}},"fnMap":{},"branchMap":{},"s":{"0":7},"f":{},"b":{},"meta":{"lastBranch":0,"lastFunction":0,"lastStatement":1,"seen":{"s:5:27:12:Infinity":0},"fnNames":{}}}
,"C:\\Users\\k_tsunooka\\Desktop\\TaskBoard\\taskboard.client\\src\\features\\AI\\index.tsx": {"path":"C:\\Users\\k_tsunooka\\Desktop\\TaskBoard\\taskboard.client\\src\\features\\AI\\index.tsx","statementMap":{"0":{"start":{"line":11,"column":30},"end":{"line":11,"column":null}},"1":{"start":{"line":13,"column":6},"end":{"line":58,"column":null}},"2":{"start":{"line":14,"column":19},"end":{"line":20,"column":null}},"3":{"start":{"line":22,"column":8},"end":{"line":34,"column":null}},"4":{"start":{"line":23,"column":20},"end":{"line":23,"column":null}},"5":{"start":{"line":24,"column":4},"end":{"line":24,"column":null}},"6":{"start":{"line":24,"column":18},"end":{"line":24,"column":null}},"7":{"start":{"line":25,"column":4},"end":{"line":33,"column":null}},"8":{"start":{"line":25,"column":26},"end":{"line":33,"column":5}},"9":{"start":{"line":36,"column":2},"end":{"line":56,"column":null}}},"fnMap":{"0":{"name":"(anonymous_0)","decl":{"start":{"line":13,"column":6},"end":{"line":13,"column":12}},"loc":{"start":{"line":13,"column":50},"end":{"line":58,"column":null}},"line":13},"1":{"name":"(anonymous_1)","decl":{"start":{"line":22,"column":8},"end":{"line":22,"column":22}},"loc":{"start":{"line":22,"column":39},"end":{"line":34,"column":null}},"line":22},"2":{"name":"(anonymous_2)","decl":{"start":{"line":25,"column":4},"end":{"line":25,"column":17}},"loc":{"start":{"line":25,"column":26},"end":{"line":33,"column":5}},"line":25}},"branchMap":{"0":{"loc":{"start":{"line":24,"column":4},"end":{"line":24,"column":null}},"type":"if","locations":[{"start":{"line":24,"column":4},"end":{"line":24,"column":null}},{"start":{},"end":{}}],"line":24},"1":{"loc":{"start":{"line":38,"column":20},"end":{"line":38,"column":45}},"type":"cond-expr","locations":[{"start":{"line":38,"column":29},"end":{"line":38,"column":38}},{"start":{"line":38,"column":38},"end":{"line":38,"column":45}}],"line":38},"2":{"loc":{"start":{"line":40,"column":7},"end":{"line":50,"column":null}},"type":"cond-expr","locations":[{"start":{"line":41,"column":8},"end":{"line":43,"column":9}},{"start":{"line":43,"column":8},"end":{"line":50,"column":null}}],"line":40},"3":{"loc":{"start":{"line":50,"column":7},"end":{"line":56,"column":null}},"type":"binary-expr","locations":[{"start":{"line":50,"column":7},"end":{"line":50,"column":null}},{"start":{"line":51,"column":8},"end":{"line":56,"column":null}}],"line":50}},"s":{"0":1,"1":1,"2":6,"3":6,"4":1,"5":1,"6":0,"7":1,"8":1,"9":6},"f":{"0":6,"1":1,"2":1},"b":{"0":[0,1],"1":[5,1],"2":[5,1],"3":[6,5]},"meta":{"lastBranch":4,"lastFunction":3,"lastStatement":10,"seen":{"s:11:30:11:Infinity":0,"s:13:6:58:Infinity":1,"f:13:6:13:12":0,"s:14:19:20:Infinity":2,"s:22:8:34:Infinity":3,"f:22:8:22:22":1,"s:23:20:23:Infinity":4,"b:24:4:24:Infinity:undefined:undefined:undefined:undefined":0,"s:24:4:24:Infinity":5,"s:24:18:24:Infinity":6,"s:25:4:33:Infinity":7,"f:25:4:25:17":2,"s:25:26:33:5":8,"s:36:2:56:Infinity":9,"b:38:29:38:38:38:38:38:45":1,"b:41:8:43:9:43:8:50:Infinity":2,"b:50:7:50:Infinity:51:8:56:Infinity":3},"fnNames":{}}}
,"C:\\Users\\k_tsunooka\\Desktop\\TaskBoard\\taskboard.client\\src\\features\\AI\\components\\ChatBox.tsx": {"path":"C:\\Users\\k_tsunooka\\Desktop\\TaskBoard\\taskboard.client\\src\\features\\AI\\components\\ChatBox.tsx","statementMap":{"0":{"start":{"line":5,"column":6},"end":{"line":49,"column":null}},"1":{"start":{"line":6,"column":16},"end":{"line":6,"column":null}},"2":{"start":{"line":7,"column":8},"end":{"line":7,"column":null}},"3":{"start":{"line":10,"column":2},"end":{"line":15,"column":null}},"4":{"start":{"line":11,"column":21},"end":{"line":11,"column":null}},"5":{"start":{"line":12,"column":4},"end":{"line":12,"column":null}},"6":{"start":{"line":12,"column":19},"end":{"line":12,"column":null}},"7":{"start":{"line":13,"column":4},"end":{"line":13,"column":null}},"8":{"start":{"line":14,"column":4},"end":{"line":14,"column":null}},"9":{"start":{"line":17,"column":8},"end":{"line":21,"column":null}},"10":{"start":{"line":18,"column":4},"end":{"line":18,"column":null}},"11":{"start":{"line":18,"column":23},"end":{"line":18,"column":null}},"12":{"start":{"line":19,"column":4},"end":{"line":19,"column":null}},"13":{"start":{"line":20,"column":4},"end":{"line":20,"column":null}},"14":{"start":{"line":23,"column":2},"end":{"line":47,"column":null}},"15":{"start":{"line":31,"column":25},"end":{"line":31,"column":null}},"16":{"start":{"line":34,"column":10},"end":{"line":37,"column":null}},"17":{"start":{"line":35,"column":12},"end":{"line":35,"column":null}},"18":{"start":{"line":36,"column":12},"end":{"line":36,"column":null}}},"fnMap":{"0":{"name":"(anonymous_0)","decl":{"start":{"line":5,"column":6},"end":{"line":5,"column":17}},"loc":{"start":{"line":5,"column":39},"end":{"line":49,"column":null}},"line":5},"1":{"name":"(anonymous_1)","decl":{"start":{"line":10,"column":2},"end":{"line":10,"column":24}},"loc":{"start":{"line":10,"column":24},"end":{"line":15,"column":5}},"line":10},"2":{"name":"(anonymous_2)","decl":{"start":{"line":17,"column":8},"end":{"line":17,"column":27}},"loc":{"start":{"line":17,"column":27},"end":{"line":21,"column":null}},"line":17},"3":{"name":"(anonymous_3)","decl":{"start":{"line":31,"column":8},"end":{"line":31,"column":19}},"loc":{"start":{"line":31,"column":25},"end":{"line":31,"column":null}},"line":31},"4":{"name":"(anonymous_4)","decl":{"start":{"line":32,"column":8},"end":{"line":32,"column":20}},"loc":{"start":{"line":32,"column":26},"end":{"line":38,"column":null}},"line":32}},"branchMap":{"0":{"loc":{"start":{"line":12,"column":4},"end":{"line":12,"column":null}},"type":"if","locations":[{"start":{"line":12,"column":4},"end":{"line":12,"column":null}},{"start":{},"end":{}}],"line":12},"1":{"loc":{"start":{"line":18,"column":4},"end":{"line":18,"column":null}},"type":"if","locations":[{"start":{"line":18,"column":4},"end":{"line":18,"column":null}},{"start":{},"end":{}}],"line":18},"2":{"loc":{"start":{"line":34,"column":10},"end":{"line":37,"column":null}},"type":"if","locations":[{"start":{"line":34,"column":10},"end":{"line":37,"column":null}},{"start":{},"end":{}}],"line":34},"3":{"loc":{"start":{"line":34,"column":14},"end":{"line":34,"column":78}},"type":"binary-expr","locations":[{"start":{"line":34,"column":14},"end":{"line":34,"column":35}},{"start":{"line":34,"column":35},"end":{"line":34,"column":50}},{"start":{"line":34,"column":50},"end":{"line":34,"column":78}}],"line":34}},"s":{"0":2,"1":32,"2":32,"3":32,"4":32,"5":32,"6":0,"7":32,"8":32,"9":32,"10":5,"11":2,"12":3,"13":3,"14":32,"15":21,"16":23,"17":1,"18":1},"f":{"0":32,"1":32,"2":5,"3":21,"4":23},"b":{"0":[0,32],"1":[2,3],"2":[1,22],"3":[23,2,1]},"meta":{"lastBranch":4,"lastFunction":5,"lastStatement":19,"seen":{"s:5:6:49:Infinity":0,"f:5:6:5:17":0,"s:6:16:6:Infinity":1,"s:7:8:7:Infinity":2,"s:10:2:15:Infinity":3,"f:10:2:10:24":1,"s:11:21:11:Infinity":4,"b:12:4:12:Infinity:undefined:undefined:undefined:undefined":0,"s:12:4:12:Infinity":5,"s:12:19:12:Infinity":6,"s:13:4:13:Infinity":7,"s:14:4:14:Infinity":8,"s:17:8:21:Infinity":9,"f:17:8:17:27":2,"b:18:4:18:Infinity:undefined:undefined:undefined:undefined":1,"s:18:4:18:Infinity":10,"s:18:23:18:Infinity":11,"s:19:4:19:Infinity":12,"s:20:4:20:Infinity":13,"s:23:2:47:Infinity":14,"f:31:8:31:19":3,"s:31:25:31:Infinity":15,"f:32:8:32:20":4,"b:34:10:37:Infinity:undefined:undefined:undefined:undefined":2,"s:34:10:37:Infinity":16,"b:34:14:34:35:34:35:34:50:34:50:34:78":3,"s:35:12:35:Infinity":17,"s:36:12:36:Infinity":18},"fnNames":{}}}
,"C:\\Users\\k_tsunooka\\Desktop\\TaskBoard\\taskboard.client\\src\\features\\AI\\components\\MessageBox.tsx": {"path":"C:\\Users\\k_tsunooka\\Desktop\\TaskBoard\\taskboard.client\\src\\features\\AI\\components\\MessageBox.tsx","statementMap":{"0":{"start":{"line":5,"column":6},"end":{"line":24,"column":null}},"1":{"start":{"line":6,"column":2},"end":{"line":22,"column":null}},"2":{"start":{"line":9,"column":8},"end":{"line":20,"column":null}}},"fnMap":{"0":{"name":"(anonymous_0)","decl":{"start":{"line":5,"column":6},"end":{"line":5,"column":20}},"loc":{"start":{"line":5,"column":44},"end":{"line":24,"column":null}},"line":5},"1":{"name":"(anonymous_1)","decl":{"start":{"line":8,"column":16},"end":{"line":8,"column":21}},"loc":{"start":{"line":9,"column":8},"end":{"line":20,"column":null}},"line":9}},"branchMap":{"0":{"loc":{"start":{"line":11,"column":21},"end":{"line":11,"column":null}},"type":"cond-expr","locations":[{"start":{"line":11,"column":47},"end":{"line":11,"column":60}},{"start":{"line":11,"column":60},"end":{"line":11,"column":null}}],"line":11},"1":{"loc":{"start":{"line":15,"column":14},"end":{"line":15,"column":null}},"type":"cond-expr","locations":[{"start":{"line":15,"column":40},"end":{"line":15,"column":61}},{"start":{"line":15,"column":61},"end":{"line":15,"column":null}}],"line":15}},"s":{"0":1,"1":5,"2":7},"f":{"0":5,"1":7},"b":{"0":[1,6],"1":[1,6]},"meta":{"lastBranch":2,"lastFunction":2,"lastStatement":3,"seen":{"s:5:6:24:Infinity":0,"f:5:6:5:20":0,"s:6:2:22:Infinity":1,"f:8:16:8:21":1,"s:9:8:20:Infinity":2,"b:11:47:11:60:11:60:11:Infinity":0,"b:15:40:15:61:15:61:15:Infinity":1},"fnNames":{}}}
,"C:\\Users\\k_tsunooka\\Desktop\\TaskBoard\\taskboard.client\\src\\features\\header\\index.tsx": {"path":"C:\\Users\\k_tsunooka\\Desktop\\TaskBoard\\taskboard.client\\src\\features\\header\\index.tsx","statementMap":{"0":{"start":{"line":5,"column":6},"end":{"line":11,"column":null}},"1":{"start":{"line":6,"column":2},"end":{"line":9,"column":null}}},"fnMap":{"0":{"name":"(anonymous_0)","decl":{"start":{"line":5,"column":6},"end":{"line":5,"column":16}},"loc":{"start":{"line":5,"column":37},"end":{"line":11,"column":null}},"line":5}},"branchMap":{},"s":{"0":1,"1":1},"f":{"0":1},"b":{},"meta":{"lastBranch":0,"lastFunction":1,"lastStatement":2,"seen":{"s:5:6:11:Infinity":0,"f:5:6:5:16":0,"s:6:2:9:Infinity":1},"fnNames":{}}}
,"C:\\Users\\k_tsunooka\\Desktop\\TaskBoard\\taskboard.client\\src\\features\\pages\\components\\FooterMenu.tsx": {"path":"C:\\Users\\k_tsunooka\\Desktop\\TaskBoard\\taskboard.client\\src\\features\\pages\\components\\FooterMenu.tsx","statementMap":{"0":{"start":{"line":6,"column":6},"end":{"line":19,"column":null}},"1":{"start":{"line":7,"column":2},"end":{"line":17,"column":null}}},"fnMap":{"0":{"name":"(anonymous_0)","decl":{"start":{"line":6,"column":6},"end":{"line":6,"column":20}},"loc":{"start":{"line":6,"column":58},"end":{"line":19,"column":null}},"line":6}},"branchMap":{"0":{"loc":{"start":{"line":9,"column":7},"end":{"line":10,"column":7}},"type":"binary-expr","locations":[{"start":{"line":9,"column":7},"end":{"line":9,"column":29}},{"start":{"line":9,"column":29},"end":{"line":10,"column":7}}],"line":9}},"s":{"0":3,"1":6},"f":{"0":6},"b":{"0":[6,4]},"meta":{"lastBranch":1,"lastFunction":1,"lastStatement":2,"seen":{"s:6:6:19:Infinity":0,"f:6:6:6:20":0,"s:7:2:17:Infinity":1,"b:9:7:9:29:9:29:10:7":0},"fnNames":{}}}
,"C:\\Users\\k_tsunooka\\Desktop\\TaskBoard\\taskboard.client\\src\\features\\pages\\components\\ModalBase.tsx": {"path":"C:\\Users\\k_tsunooka\\Desktop\\TaskBoard\\taskboard.client\\src\\features\\pages\\components\\ModalBase.tsx","statementMap":{"0":{"start":{"line":11,"column":6},"end":{"line":27,"column":null}},"1":{"start":{"line":12,"column":8},"end":{"line":12,"column":null}},"2":{"start":{"line":14,"column":8},"end":{"line":17,"column":null}},"3":{"start":{"line":15,"column":4},"end":{"line":15,"column":null}},"4":{"start":{"line":16,"column":4},"end":{"line":16,"column":null}},"5":{"start":{"line":19,"column":2},"end":{"line":19,"column":null}},"6":{"start":{"line":21,"column":2},"end":{"line":25,"column":null}}},"fnMap":{"0":{"name":"(anonymous_0)","decl":{"start":{"line":11,"column":6},"end":{"line":11,"column":19}},"loc":{"start":{"line":11,"column":68},"end":{"line":27,"column":null}},"line":11},"1":{"name":"(anonymous_1)","decl":{"start":{"line":14,"column":8},"end":{"line":14,"column":26}},"loc":{"start":{"line":14,"column":26},"end":{"line":17,"column":null}},"line":14}},"branchMap":{"0":{"loc":{"start":{"line":11,"column":21},"end":{"line":11,"column":37}},"type":"default-arg","locations":[{"start":{"line":11,"column":33},"end":{"line":11,"column":37}}],"line":11}},"s":{"0":9,"1":74,"2":74,"3":0,"4":0,"5":74,"6":74},"f":{"0":74,"1":0},"b":{"0":[74]},"meta":{"lastBranch":1,"lastFunction":2,"lastStatement":7,"seen":{"s:11:6:27:Infinity":0,"f:11:6:11:19":0,"b:11:33:11:37":0,"s:12:8:12:Infinity":1,"s:14:8:17:Infinity":2,"f:14:8:14:26":1,"s:15:4:15:Infinity":3,"s:16:4:16:Infinity":4,"s:19:2:19:Infinity":5,"s:21:2:25:Infinity":6},"fnNames":{}}}
,"C:\\Users\\k_tsunooka\\Desktop\\TaskBoard\\taskboard.client\\src\\features\\pages\\components\\board\\BoardPage.tsx": {"path":"C:\\Users\\k_tsunooka\\Desktop\\TaskBoard\\taskboard.client\\src\\features\\pages\\components\\board\\BoardPage.tsx","statementMap":{"0":{"start":{"line":43,"column":6},"end":{"line":318,"column":null}},"1":{"start":{"line":53,"column":21},"end":{"line":53,"column":null}},"2":{"start":{"line":56,"column":23},"end":{"line":56,"column":null}},"3":{"start":{"line":57,"column":26},"end":{"line":57,"column":null}},"4":{"start":{"line":59,"column":8},"end":{"line":62,"column":null}},"5":{"start":{"line":60,"column":4},"end":{"line":60,"column":null}},"6":{"start":{"line":60,"column":30},"end":{"line":60,"column":35}},"7":{"start":{"line":61,"column":4},"end":{"line":61,"column":null}},"8":{"start":{"line":64,"column":8},"end":{"line":68,"column":null}},"9":{"start":{"line":65,"column":4},"end":{"line":67,"column":null}},"10":{"start":{"line":66,"column":6},"end":{"line":66,"column":null}},"11":{"start":{"line":66,"column":45},"end":{"line":66,"column":53}},"12":{"start":{"line":70,"column":8},"end":{"line":74,"column":null}},"13":{"start":{"line":71,"column":4},"end":{"line":71,"column":null}},"14":{"start":{"line":72,"column":4},"end":{"line":72,"column":null}},"15":{"start":{"line":73,"column":4},"end":{"line":73,"column":null}},"16":{"start":{"line":78,"column":8},"end":{"line":80,"column":null}},"17":{"start":{"line":83,"column":22},"end":{"line":83,"column":null}},"18":{"start":{"line":86,"column":18},"end":{"line":86,"column":null}},"19":{"start":{"line":89,"column":21},"end":{"line":89,"column":null}},"20":{"start":{"line":90,"column":22},"end":{"line":90,"column":null}},"21":{"start":{"line":92,"column":8},"end":{"line":95,"column":null}},"22":{"start":{"line":93,"column":4},"end":{"line":93,"column":null}},"23":{"start":{"line":94,"column":4},"end":{"line":94,"column":null}},"24":{"start":{"line":98,"column":8},"end":{"line":114,"column":null}},"25":{"start":{"line":100,"column":4},"end":{"line":100,"column":null}},"26":{"start":{"line":100,"column":37},"end":{"line":100,"column":null}},"27":{"start":{"line":101,"column":4},"end":{"line":113,"column":null}},"28":{"start":{"line":104,"column":18},"end":{"line":104,"column":null}},"29":{"start":{"line":105,"column":8},"end":{"line":105,"column":null}},"30":{"start":{"line":108,"column":8},"end":{"line":108,"column":null}},"31":{"start":{"line":110,"column":8},"end":{"line":110,"column":null}},"32":{"start":{"line":112,"column":8},"end":{"line":112,"column":null}},"33":{"start":{"line":118,"column":8},"end":{"line":125,"column":null}},"34":{"start":{"line":119,"column":18},"end":{"line":119,"column":null}},"35":{"start":{"line":120,"column":4},"end":{"line":120,"column":null}},"36":{"start":{"line":120,"column":16},"end":{"line":120,"column":null}},"37":{"start":{"line":121,"column":4},"end":{"line":123,"column":null}},"38":{"start":{"line":129,"column":18},"end":{"line":135,"column":null}},"39":{"start":{"line":133,"column":6},"end":{"line":133,"column":null}},"40":{"start":{"line":134,"column":6},"end":{"line":134,"column":null}},"41":{"start":{"line":139,"column":8},"end":{"line":140,"column":null}},"42":{"start":{"line":140,"column":4},"end":{"line":140,"column":null}},"43":{"start":{"line":140,"column":27},"end":{"line":140,"column":48}},"44":{"start":{"line":142,"column":8},"end":{"line":163,"column":null}},"45":{"start":{"line":143,"column":4},"end":{"line":162,"column":null}},"46":{"start":{"line":146,"column":19},"end":{"line":146,"column":null}},"47":{"start":{"line":147,"column":19},"end":{"line":147,"column":null}},"48":{"start":{"line":149,"column":8},"end":{"line":149,"column":null}},"49":{"start":{"line":149,"column":50},"end":{"line":149,"column":null}},"50":{"start":{"line":150,"column":8},"end":{"line":150,"column":null}},"51":{"start":{"line":150,"column":30},"end":{"line":150,"column":null}},"52":{"start":{"line":151,"column":8},"end":{"line":151,"column":null}},"53":{"start":{"line":151,"column":30},"end":{"line":151,"column":null}},"54":{"start":{"line":152,"column":8},"end":{"line":152,"column":null}},"55":{"start":{"line":155,"column":8},"end":{"line":155,"column":null}},"56":{"start":{"line":157,"column":8},"end":{"line":157,"column":null}},"57":{"start":{"line":159,"column":8},"end":{"line":159,"column":null}},"58":{"start":{"line":161,"column":8},"end":{"line":161,"column":null}},"59":{"start":{"line":165,"column":2},"end":{"line":167,"column":null}},"60":{"start":{"line":166,"column":4},"end":{"line":166,"column":null}},"61":{"start":{"line":166,"column":47},"end":{"line":166,"column":72}},"62":{"start":{"line":171,"column":25},"end":{"line":173,"column":null}},"63":{"start":{"line":172,"column":11},"end":{"line":172,"column":null}},"64":{"start":{"line":176,"column":22},"end":{"line":176,"column":null}},"65":{"start":{"line":176,"column":53},"end":{"line":176,"column":57}},"66":{"start":{"line":179,"column":8},"end":{"line":187,"column":null}},"67":{"start":{"line":180,"column":29},"end":{"line":180,"column":null}},"68":{"start":{"line":181,"column":4},"end":{"line":186,"column":null}},"69":{"start":{"line":189,"column":8},"end":{"line":192,"column":null}},"70":{"start":{"line":190,"column":15},"end":{"line":190,"column":null}},"71":{"start":{"line":191,"column":4},"end":{"line":191,"column":null}},"72":{"start":{"line":191,"column":47},"end":{"line":191,"column":58}},"73":{"start":{"line":196,"column":8},"end":{"line":209,"column":null}},"74":{"start":{"line":197,"column":21},"end":{"line":197,"column":null}},"75":{"start":{"line":198,"column":4},"end":{"line":198,"column":null}},"76":{"start":{"line":198,"column":19},"end":{"line":198,"column":null}},"77":{"start":{"line":200,"column":10},"end":{"line":207,"column":null}},"78":{"start":{"line":208,"column":4},"end":{"line":208,"column":null}},"79":{"start":{"line":208,"column":14},"end":{"line":208,"column":null}},"80":{"start":{"line":211,"column":8},"end":{"line":233,"column":null}},"81":{"start":{"line":212,"column":4},"end":{"line":212,"column":null}},"82":{"start":{"line":214,"column":21},"end":{"line":214,"column":null}},"83":{"start":{"line":215,"column":4},"end":{"line":215,"column":null}},"84":{"start":{"line":215,"column":19},"end":{"line":215,"column":null}},"85":{"start":{"line":217,"column":24},"end":{"line":217,"column":null}},"86":{"start":{"line":218,"column":10},"end":{"line":225,"column":null}},"87":{"start":{"line":226,"column":4},"end":{"line":226,"column":null}},"88":{"start":{"line":226,"column":14},"end":{"line":226,"column":null}},"89":{"start":{"line":230,"column":23},"end":{"line":230,"column":null}},"90":{"start":{"line":232,"column":4},"end":{"line":232,"column":null}},"91":{"start":{"line":236,"column":8},"end":{"line":258,"column":null}},"92":{"start":{"line":237,"column":16},"end":{"line":237,"column":null}},"93":{"start":{"line":237,"column":53},"end":{"line":237,"column":77}},"94":{"start":{"line":239,"column":4},"end":{"line":239,"column":null}},"95":{"start":{"line":239,"column":61},"end":{"line":239,"column":null}},"96":{"start":{"line":240,"column":22},"end":{"line":240,"column":null}},"97":{"start":{"line":242,"column":10},"end":{"line":242,"column":null}},"98":{"start":{"line":245,"column":22},"end":{"line":245,"column":null}},"99":{"start":{"line":246,"column":4},"end":{"line":246,"column":null}},"100":{"start":{"line":246,"column":20},"end":{"line":246,"column":null}},"101":{"start":{"line":247,"column":22},"end":{"line":247,"column":null}},"102":{"start":{"line":247,"column":49},"end":{"line":247,"column":65}},"103":{"start":{"line":248,"column":4},"end":{"line":248,"column":null}},"104":{"start":{"line":248,"column":26},"end":{"line":248,"column":null}},"105":{"start":{"line":249,"column":4},"end":{"line":249,"column":null}},"106":{"start":{"line":252,"column":4},"end":{"line":252,"column":null}},"107":{"start":{"line":254,"column":10},"end":{"line":254,"column":null}},"108":{"start":{"line":255,"column":4},"end":{"line":255,"column":null}},"109":{"start":{"line":257,"column":4},"end":{"line":257,"column":null}},"110":{"start":{"line":261,"column":2},"end":{"line":316,"column":null}},"111":{"start":{"line":285,"column":12},"end":{"line":305,"column":null}},"112":{"start":{"line":301,"column":40},"end":{"line":301,"column":null}}},"fnMap":{"0":{"name":"(anonymous_0)","decl":{"start":{"line":43,"column":6},"end":{"line":43,"column":19}},"loc":{"start":{"line":51,"column":13},"end":{"line":318,"column":null}},"line":51},"1":{"name":"(anonymous_1)","decl":{"start":{"line":59,"column":8},"end":{"line":59,"column":33}},"loc":{"start":{"line":59,"column":33},"end":{"line":62,"column":null}},"line":59},"2":{"name":"(anonymous_2)","decl":{"start":{"line":60,"column":4},"end":{"line":60,"column":21}},"loc":{"start":{"line":60,"column":30},"end":{"line":60,"column":35}},"line":60},"3":{"name":"(anonymous_3)","decl":{"start":{"line":64,"column":8},"end":{"line":64,"column":28}},"loc":{"start":{"line":64,"column":43},"end":{"line":68,"column":null}},"line":64},"4":{"name":"(anonymous_4)","decl":{"start":{"line":65,"column":4},"end":{"line":65,"column":24}},"loc":{"start":{"line":66,"column":6},"end":{"line":66,"column":null}},"line":66},"5":{"name":"(anonymous_5)","decl":{"start":{"line":66,"column":31},"end":{"line":66,"column":39}},"loc":{"start":{"line":66,"column":45},"end":{"line":66,"column":53}},"line":66},"6":{"name":"(anonymous_6)","decl":{"start":{"line":70,"column":8},"end":{"line":70,"column":37}},"loc":{"start":{"line":70,"column":37},"end":{"line":74,"column":null}},"line":70},"7":{"name":"(anonymous_7)","decl":{"start":{"line":92,"column":8},"end":{"line":92,"column":34}},"loc":{"start":{"line":92,"column":55},"end":{"line":95,"column":null}},"line":92},"8":{"name":"(anonymous_8)","decl":{"start":{"line":98,"column":8},"end":{"line":98,"column":25}},"loc":{"start":{"line":98,"column":50},"end":{"line":114,"column":null}},"line":98},"9":{"name":"(anonymous_9)","decl":{"start":{"line":118,"column":8},"end":{"line":118,"column":25}},"loc":{"start":{"line":118,"column":50},"end":{"line":125,"column":null}},"line":118},"10":{"name":"(anonymous_10)","decl":{"start":{"line":132,"column":5},"end":{"line":132,"column":41}},"loc":{"start":{"line":132,"column":55},"end":{"line":135,"column":7}},"line":132},"11":{"name":"(anonymous_11)","decl":{"start":{"line":139,"column":8},"end":{"line":139,"column":24}},"loc":{"start":{"line":140,"column":4},"end":{"line":140,"column":null}},"line":140},"12":{"name":"(anonymous_12)","decl":{"start":{"line":140,"column":15},"end":{"line":140,"column":21}},"loc":{"start":{"line":140,"column":27},"end":{"line":140,"column":48}},"line":140},"13":{"name":"(anonymous_13)","decl":{"start":{"line":142,"column":8},"end":{"line":142,"column":24}},"loc":{"start":{"line":142,"column":61},"end":{"line":163,"column":null}},"line":142},"14":{"name":"(anonymous_14)","decl":{"start":{"line":166,"column":27},"end":{"line":166,"column":36}},"loc":{"start":{"line":166,"column":47},"end":{"line":166,"column":72}},"line":166},"15":{"name":"(anonymous_15)","decl":{"start":{"line":171,"column":36},"end":{"line":171,"column":null}},"loc":{"start":{"line":172,"column":11},"end":{"line":172,"column":null}},"line":172},"16":{"name":"(anonymous_16)","decl":{"start":{"line":176,"column":42},"end":{"line":176,"column":47}},"loc":{"start":{"line":176,"column":53},"end":{"line":176,"column":57}},"line":176},"17":{"name":"(anonymous_17)","decl":{"start":{"line":179,"column":8},"end":{"line":179,"column":23}},"loc":{"start":{"line":179,"column":63},"end":{"line":187,"column":null}},"line":179},"18":{"name":"(anonymous_18)","decl":{"start":{"line":189,"column":8},"end":{"line":189,"column":27}},"loc":{"start":{"line":189,"column":53},"end":{"line":192,"column":null}},"line":189},"19":{"name":"(anonymous_19)","decl":{"start":{"line":191,"column":35},"end":{"line":191,"column":41}},"loc":{"start":{"line":191,"column":47},"end":{"line":191,"column":58}},"line":191},"20":{"name":"(anonymous_20)","decl":{"start":{"line":196,"column":8},"end":{"line":196,"column":26}},"loc":{"start":{"line":196,"column":51},"end":{"line":209,"column":null}},"line":196},"21":{"name":"(anonymous_21)","decl":{"start":{"line":211,"column":8},"end":{"line":211,"column":25}},"loc":{"start":{"line":211,"column":49},"end":{"line":233,"column":null}},"line":211},"22":{"name":"(anonymous_22)","decl":{"start":{"line":236,"column":8},"end":{"line":236,"column":33}},"loc":{"start":{"line":236,"column":52},"end":{"line":258,"column":null}},"line":236},"23":{"name":"(anonymous_23)","decl":{"start":{"line":237,"column":36},"end":{"line":237,"column":47}},"loc":{"start":{"line":237,"column":53},"end":{"line":237,"column":77}},"line":237},"24":{"name":"(anonymous_24)","decl":{"start":{"line":247,"column":32},"end":{"line":247,"column":43}},"loc":{"start":{"line":247,"column":49},"end":{"line":247,"column":65}},"line":247},"25":{"name":"(anonymous_25)","decl":{"start":{"line":284,"column":31},"end":{"line":284,"column":36}},"loc":{"start":{"line":285,"column":12},"end":{"line":305,"column":null}},"line":285},"26":{"name":"(anonymous_26)","decl":{"start":{"line":301,"column":14},"end":{"line":301,"column":29}},"loc":{"start":{"line":301,"column":40},"end":{"line":301,"column":null}},"line":301}},"branchMap":{"0":{"loc":{"start":{"line":66,"column":6},"end":{"line":66,"column":null}},"type":"cond-expr","locations":[{"start":{"line":66,"column":26},"end":{"line":66,"column":57}},{"start":{"line":66,"column":57},"end":{"line":66,"column":null}}],"line":66},"1":{"loc":{"start":{"line":100,"column":4},"end":{"line":100,"column":null}},"type":"if","locations":[{"start":{"line":100,"column":4},"end":{"line":100,"column":null}},{"start":{},"end":{}}],"line":100},"2":{"loc":{"start":{"line":100,"column":8},"end":{"line":100,"column":37}},"type":"binary-expr","locations":[{"start":{"line":100,"column":8},"end":{"line":100,"column":23}},{"start":{"line":100,"column":23},"end":{"line":100,"column":37}}],"line":100},"3":{"loc":{"start":{"line":101,"column":4},"end":{"line":113,"column":null}},"type":"switch","locations":[{"start":{"line":102,"column":6},"end":{"line":106,"column":null}},{"start":{"line":107,"column":6},"end":{"line":108,"column":null}},{"start":{"line":109,"column":6},"end":{"line":110,"column":null}},{"start":{"line":111,"column":6},"end":{"line":112,"column":null}}],"line":101},"4":{"loc":{"start":{"line":105,"column":15},"end":{"line":105,"column":null}},"type":"binary-expr","locations":[{"start":{"line":105,"column":15},"end":{"line":105,"column":34}},{"start":{"line":105,"column":34},"end":{"line":105,"column":null}}],"line":105},"5":{"loc":{"start":{"line":120,"column":4},"end":{"line":120,"column":null}},"type":"if","locations":[{"start":{"line":120,"column":4},"end":{"line":120,"column":null}},{"start":{},"end":{}}],"line":120},"6":{"loc":{"start":{"line":122,"column":6},"end":{"line":123,"column":null}},"type":"binary-expr","locations":[{"start":{"line":122,"column":6},"end":{"line":122,"column":null}},{"start":{"line":123,"column":6},"end":{"line":123,"column":null}}],"line":122},"7":{"loc":{"start":{"line":140,"column":4},"end":{"line":140,"column":null}},"type":"binary-expr","locations":[{"start":{"line":140,"column":4},"end":{"line":140,"column":59}},{"start":{"line":140,"column":59},"end":{"line":140,"column":null}}],"line":140},"8":{"loc":{"start":{"line":143,"column":4},"end":{"line":162,"column":null}},"type":"switch","locations":[{"start":{"line":144,"column":6},"end":{"line":144,"column":null}},{"start":{"line":145,"column":6},"end":{"line":153,"column":null}},{"start":{"line":154,"column":6},"end":{"line":155,"column":null}},{"start":{"line":156,"column":6},"end":{"line":157,"column":null}},{"start":{"line":158,"column":6},"end":{"line":159,"column":null}},{"start":{"line":160,"column":6},"end":{"line":161,"column":null}}],"line":143},"9":{"loc":{"start":{"line":149,"column":8},"end":{"line":149,"column":null}},"type":"if","locations":[{"start":{"line":149,"column":8},"end":{"line":149,"column":null}},{"start":{},"end":{}}],"line":149},"10":{"loc":{"start":{"line":149,"column":12},"end":{"line":149,"column":50}},"type":"binary-expr","locations":[{"start":{"line":149,"column":12},"end":{"line":149,"column":32}},{"start":{"line":149,"column":32},"end":{"line":149,"column":50}}],"line":149},"11":{"loc":{"start":{"line":150,"column":8},"end":{"line":150,"column":null}},"type":"if","locations":[{"start":{"line":150,"column":8},"end":{"line":150,"column":null}},{"start":{},"end":{}}],"line":150},"12":{"loc":{"start":{"line":151,"column":8},"end":{"line":151,"column":null}},"type":"if","locations":[{"start":{"line":151,"column":8},"end":{"line":151,"column":null}},{"start":{},"end":{}}],"line":151},"13":{"loc":{"start":{"line":152,"column":15},"end":{"line":152,"column":null}},"type":"cond-expr","locations":[{"start":{"line":152,"column":44},"end":{"line":152,"column":54}},{"start":{"line":152,"column":54},"end":{"line":152,"column":null}}],"line":152},"14":{"loc":{"start":{"line":165,"column":2},"end":{"line":167,"column":null}},"type":"if","locations":[{"start":{"line":165,"column":2},"end":{"line":167,"column":null}},{"start":{},"end":{}}],"line":165},"15":{"loc":{"start":{"line":165,"column":6},"end":{"line":165,"column":26}},"type":"binary-expr","locations":[{"start":{"line":165,"column":6},"end":{"line":165,"column":17}},{"start":{"line":165,"column":17},"end":{"line":165,"column":26}}],"line":165},"16":{"loc":{"start":{"line":182,"column":6},"end":{"line":182,"column":null}},"type":"binary-expr","locations":[{"start":{"line":182,"column":6},"end":{"line":182,"column":18}},{"start":{"line":182,"column":18},"end":{"line":182,"column":null}}],"line":182},"17":{"loc":{"start":{"line":183,"column":6},"end":{"line":183,"column":null}},"type":"binary-expr","locations":[{"start":{"line":183,"column":6},"end":{"line":183,"column":20}},{"start":{"line":183,"column":20},"end":{"line":183,"column":null}}],"line":183},"18":{"loc":{"start":{"line":184,"column":6},"end":{"line":184,"column":null}},"type":"binary-expr","locations":[{"start":{"line":184,"column":6},"end":{"line":184,"column":40}},{"start":{"line":184,"column":40},"end":{"line":184,"column":null}}],"line":184},"19":{"loc":{"start":{"line":185,"column":6},"end":{"line":185,"column":null}},"type":"binary-expr","locations":[{"start":{"line":185,"column":6},"end":{"line":185,"column":25}},{"start":{"line":185,"column":25},"end":{"line":185,"column":null}}],"line":185},"20":{"loc":{"start":{"line":191,"column":18},"end":{"line":191,"column":67}},"type":"binary-expr","locations":[{"start":{"line":191,"column":18},"end":{"line":191,"column":63}},{"start":{"line":191,"column":63},"end":{"line":191,"column":67}}],"line":191},"21":{"loc":{"start":{"line":198,"column":4},"end":{"line":198,"column":null}},"type":"if","locations":[{"start":{"line":198,"column":4},"end":{"line":198,"column":null}},{"start":{},"end":{}}],"line":198},"22":{"loc":{"start":{"line":201,"column":6},"end":{"line":201,"column":null}},"type":"binary-expr","locations":[{"start":{"line":201,"column":6},"end":{"line":201,"column":25}},{"start":{"line":201,"column":25},"end":{"line":201,"column":null}}],"line":201},"23":{"loc":{"start":{"line":208,"column":4},"end":{"line":208,"column":null}},"type":"if","locations":[{"start":{"line":208,"column":4},"end":{"line":208,"column":null}},{"start":{},"end":{}}],"line":208},"24":{"loc":{"start":{"line":215,"column":4},"end":{"line":215,"column":null}},"type":"if","locations":[{"start":{"line":215,"column":4},"end":{"line":215,"column":null}},{"start":{},"end":{}}],"line":215},"25":{"loc":{"start":{"line":219,"column":6},"end":{"line":219,"column":null}},"type":"binary-expr","locations":[{"start":{"line":219,"column":6},"end":{"line":219,"column":25}},{"start":{"line":219,"column":25},"end":{"line":219,"column":null}}],"line":219},"26":{"loc":{"start":{"line":226,"column":4},"end":{"line":226,"column":null}},"type":"if","locations":[{"start":{"line":226,"column":4},"end":{"line":226,"column":null}},{"start":{},"end":{}}],"line":226},"27":{"loc":{"start":{"line":230,"column":23},"end":{"line":230,"column":null}},"type":"binary-expr","locations":[{"start":{"line":230,"column":23},"end":{"line":230,"column":31}},{"start":{"line":230,"column":31},"end":{"line":230,"column":50}},{"start":{"line":230,"column":50},"end":{"line":230,"column":null}}],"line":230},"28":{"loc":{"start":{"line":239,"column":4},"end":{"line":239,"column":null}},"type":"if","locations":[{"start":{"line":239,"column":4},"end":{"line":239,"column":null}},{"start":{},"end":{}}],"line":239},"29":{"loc":{"start":{"line":239,"column":8},"end":{"line":239,"column":61}},"type":"binary-expr","locations":[{"start":{"line":239,"column":8},"end":{"line":239,"column":22}},{"start":{"line":239,"column":22},"end":{"line":239,"column":61}}],"line":239},"30":{"loc":{"start":{"line":242,"column":33},"end":{"line":242,"column":56}},"type":"binary-expr","locations":[{"start":{"line":242,"column":33},"end":{"line":242,"column":52}},{"start":{"line":242,"column":52},"end":{"line":242,"column":56}}],"line":242},"31":{"loc":{"start":{"line":246,"column":4},"end":{"line":246,"column":null}},"type":"if","locations":[{"start":{"line":246,"column":4},"end":{"line":246,"column":null}},{"start":{},"end":{}}],"line":246},"32":{"loc":{"start":{"line":248,"column":4},"end":{"line":248,"column":null}},"type":"if","locations":[{"start":{"line":248,"column":4},"end":{"line":248,"column":null}},{"start":{},"end":{}}],"line":248},"33":{"loc":{"start":{"line":291,"column":26},"end":{"line":291,"column":null}},"type":"binary-expr","locations":[{"start":{"line":291,"column":26},"end":{"line":291,"column":60}},{"start":{"line":291,"column":60},"end":{"line":291,"column":null}}],"line":291},"34":{"loc":{"start":{"line":293,"column":21},"end":{"line":293,"column":null}},"type":"binary-expr","locations":[{"start":{"line":293,"column":21},"end":{"line":293,"column":47}},{"start":{"line":293,"column":47},"end":{"line":293,"column":null}}],"line":293},"35":{"loc":{"start":{"line":309,"column":11},"end":{"line":313,"column":null}},"type":"cond-expr","locations":[{"start":{"line":310,"column":12},"end":{"line":313,"column":null}},{"start":{"line":313,"column":14},"end":{"line":313,"column":null}}],"line":309}},"s":{"0":1,"1":26,"2":26,"3":26,"4":26,"5":1,"6":1,"7":1,"8":26,"9":1,"10":1,"11":0,"12":26,"13":1,"14":1,"15":1,"16":26,"17":26,"18":26,"19":26,"20":26,"21":26,"22":2,"23":2,"24":26,"25":71,"26":65,"27":6,"28":0,"29":0,"30":3,"31":3,"32":0,"33":26,"34":67,"35":67,"36":49,"37":18,"38":26,"39":57,"40":57,"41":26,"42":0,"43":0,"44":26,"45":8,"46":0,"47":0,"48":0,"49":0,"50":0,"51":0,"52":0,"53":0,"54":0,"55":4,"56":4,"57":0,"58":0,"59":26,"60":2,"61":2,"62":26,"63":52,"64":26,"65":33,"66":26,"67":0,"68":0,"69":26,"70":0,"71":0,"72":0,"73":26,"74":0,"75":0,"76":0,"77":0,"78":0,"79":0,"80":26,"81":0,"82":0,"83":0,"84":0,"85":0,"86":0,"87":0,"88":0,"89":0,"90":0,"91":26,"92":1,"93":1,"94":1,"95":0,"96":1,"97":1,"98":1,"99":1,"100":0,"101":1,"102":1,"103":1,"104":0,"105":1,"106":1,"107":1,"108":1,"109":1,"110":26,"111":33,"112":0},"f":{"0":26,"1":1,"2":1,"3":1,"4":1,"5":0,"6":1,"7":2,"8":71,"9":67,"10":57,"11":0,"12":0,"13":8,"14":2,"15":52,"16":33,"17":0,"18":0,"19":0,"20":0,"21":0,"22":1,"23":1,"24":1,"25":33,"26":0},"b":{"0":[0,1],"1":[65,6],"2":[71,12],"3":[6,3,3,0],"4":[0,0],"5":[49,18],"6":[18,12],"7":[0,0],"8":[0,0,4,4,0,0],"9":[0,0],"10":[0,0],"11":[0,0],"12":[0,0],"13":[0,0],"14":[2,24],"15":[26,2],"16":[0,0],"17":[0,0],"18":[0,0],"19":[0,0],"20":[0,0],"21":[0,0],"22":[0,0],"23":[0,0],"24":[0,0],"25":[0,0],"26":[0,0],"27":[0,0,0],"28":[0,1],"29":[1,1],"30":[1,0],"31":[0,1],"32":[0,1],"33":[33,0],"34":[33,0],"35":[0,26]},"meta":{"lastBranch":36,"lastFunction":27,"lastStatement":113,"seen":{"s:43:6:318:Infinity":0,"f:43:6:43:19":0,"s:53:21:53:Infinity":1,"s:56:23:56:Infinity":2,"s:57:26:57:Infinity":3,"s:59:8:62:Infinity":4,"f:59:8:59:33":1,"s:60:4:60:Infinity":5,"f:60:4:60:21":2,"s:60:30:60:35":6,"s:61:4:61:Infinity":7,"s:64:8:68:Infinity":8,"f:64:8:64:28":3,"s:65:4:67:Infinity":9,"f:65:4:65:24":4,"s:66:6:66:Infinity":10,"b:66:26:66:57:66:57:66:Infinity":0,"f:66:31:66:39":5,"s:66:45:66:53":11,"s:70:8:74:Infinity":12,"f:70:8:70:37":6,"s:71:4:71:Infinity":13,"s:72:4:72:Infinity":14,"s:73:4:73:Infinity":15,"s:78:8:80:Infinity":16,"s:83:22:83:Infinity":17,"s:86:18:86:Infinity":18,"s:89:21:89:Infinity":19,"s:90:22:90:Infinity":20,"s:92:8:95:Infinity":21,"f:92:8:92:34":7,"s:93:4:93:Infinity":22,"s:94:4:94:Infinity":23,"s:98:8:114:Infinity":24,"f:98:8:98:25":8,"b:100:4:100:Infinity:undefined:undefined:undefined:undefined":1,"s:100:4:100:Infinity":25,"b:100:8:100:23:100:23:100:37":2,"s:100:37:100:Infinity":26,"b:102:6:106:Infinity:107:6:108:Infinity:109:6:110:Infinity:111:6:112:Infinity":3,"s:101:4:113:Infinity":27,"s:104:18:104:Infinity":28,"s:105:8:105:Infinity":29,"b:105:15:105:34:105:34:105:Infinity":4,"s:108:8:108:Infinity":30,"s:110:8:110:Infinity":31,"s:112:8:112:Infinity":32,"s:118:8:125:Infinity":33,"f:118:8:118:25":9,"s:119:18:119:Infinity":34,"b:120:4:120:Infinity:undefined:undefined:undefined:undefined":5,"s:120:4:120:Infinity":35,"s:120:16:120:Infinity":36,"s:121:4:123:Infinity":37,"b:122:6:122:Infinity:123:6:123:Infinity":6,"s:129:18:135:Infinity":38,"f:132:5:132:41":10,"s:133:6:133:Infinity":39,"s:134:6:134:Infinity":40,"s:139:8:140:Infinity":41,"f:139:8:139:24":11,"s:140:4:140:Infinity":42,"b:140:4:140:59:140:59:140:Infinity":7,"f:140:15:140:21":12,"s:140:27:140:48":43,"s:142:8:163:Infinity":44,"f:142:8:142:24":13,"b:144:6:144:Infinity:145:6:153:Infinity:154:6:155:Infinity:156:6:157:Infinity:158:6:159:Infinity:160:6:161:Infinity":8,"s:143:4:162:Infinity":45,"s:146:19:146:Infinity":46,"s:147:19:147:Infinity":47,"b:149:8:149:Infinity:undefined:undefined:undefined:undefined":9,"s:149:8:149:Infinity":48,"b:149:12:149:32:149:32:149:50":10,"s:149:50:149:Infinity":49,"b:150:8:150:Infinity:undefined:undefined:undefined:undefined":11,"s:150:8:150:Infinity":50,"s:150:30:150:Infinity":51,"b:151:8:151:Infinity:undefined:undefined:undefined:undefined":12,"s:151:8:151:Infinity":52,"s:151:30:151:Infinity":53,"s:152:8:152:Infinity":54,"b:152:44:152:54:152:54:152:Infinity":13,"s:155:8:155:Infinity":55,"s:157:8:157:Infinity":56,"s:159:8:159:Infinity":57,"s:161:8:161:Infinity":58,"b:165:2:167:Infinity:undefined:undefined:undefined:undefined":14,"s:165:2:167:Infinity":59,"b:165:6:165:17:165:17:165:26":15,"s:166:4:166:Infinity":60,"f:166:27:166:36":14,"s:166:47:166:72":61,"s:171:25:173:Infinity":62,"f:171:36:171:Infinity":15,"s:172:11:172:Infinity":63,"s:176:22:176:Infinity":64,"f:176:42:176:47":16,"s:176:53:176:57":65,"s:179:8:187:Infinity":66,"f:179:8:179:23":17,"s:180:29:180:Infinity":67,"s:181:4:186:Infinity":68,"b:182:6:182:18:182:18:182:Infinity":16,"b:183:6:183:20:183:20:183:Infinity":17,"b:184:6:184:40:184:40:184:Infinity":18,"b:185:6:185:25:185:25:185:Infinity":19,"s:189:8:192:Infinity":69,"f:189:8:189:27":18,"s:190:15:190:Infinity":70,"s:191:4:191:Infinity":71,"b:191:18:191:63:191:63:191:67":20,"f:191:35:191:41":19,"s:191:47:191:58":72,"s:196:8:209:Infinity":73,"f:196:8:196:26":20,"s:197:21:197:Infinity":74,"b:198:4:198:Infinity:undefined:undefined:undefined:undefined":21,"s:198:4:198:Infinity":75,"s:198:19:198:Infinity":76,"s:200:10:207:Infinity":77,"b:201:6:201:25:201:25:201:Infinity":22,"b:208:4:208:Infinity:undefined:undefined:undefined:undefined":23,"s:208:4:208:Infinity":78,"s:208:14:208:Infinity":79,"s:211:8:233:Infinity":80,"f:211:8:211:25":21,"s:212:4:212:Infinity":81,"s:214:21:214:Infinity":82,"b:215:4:215:Infinity:undefined:undefined:undefined:undefined":24,"s:215:4:215:Infinity":83,"s:215:19:215:Infinity":84,"s:217:24:217:Infinity":85,"s:218:10:225:Infinity":86,"b:219:6:219:25:219:25:219:Infinity":25,"b:226:4:226:Infinity:undefined:undefined:undefined:undefined":26,"s:226:4:226:Infinity":87,"s:226:14:226:Infinity":88,"s:230:23:230:Infinity":89,"b:230:23:230:31:230:31:230:50:230:50:230:Infinity":27,"s:232:4:232:Infinity":90,"s:236:8:258:Infinity":91,"f:236:8:236:33":22,"s:237:16:237:Infinity":92,"f:237:36:237:47":23,"s:237:53:237:77":93,"b:239:4:239:Infinity:undefined:undefined:undefined:undefined":28,"s:239:4:239:Infinity":94,"b:239:8:239:22:239:22:239:61":29,"s:239:61:239:Infinity":95,"s:240:22:240:Infinity":96,"s:242:10:242:Infinity":97,"b:242:33:242:52:242:52:242:56":30,"s:245:22:245:Infinity":98,"b:246:4:246:Infinity:undefined:undefined:undefined:undefined":31,"s:246:4:246:Infinity":99,"s:246:20:246:Infinity":100,"s:247:22:247:Infinity":101,"f:247:32:247:43":24,"s:247:49:247:65":102,"b:248:4:248:Infinity:undefined:undefined:undefined:undefined":32,"s:248:4:248:Infinity":103,"s:248:26:248:Infinity":104,"s:249:4:249:Infinity":105,"s:252:4:252:Infinity":106,"s:254:10:254:Infinity":107,"s:255:4:255:Infinity":108,"s:257:4:257:Infinity":109,"s:261:2:316:Infinity":110,"f:284:31:284:36":25,"s:285:12:305:Infinity":111,"b:291:26:291:60:291:60:291:Infinity":33,"b:293:21:293:47:293:47:293:Infinity":34,"f:301:14:301:29":26,"s:301:40:301:Infinity":112,"b:310:12:313:Infinity:313:14:313:Infinity":35},"fnNames":{}}}
,"C:\\Users\\k_tsunooka\\Desktop\\TaskBoard\\taskboard.client\\src\\features\\pages\\components\\board\\Container.tsx": {"path":"C:\\Users\\k_tsunooka\\Desktop\\TaskBoard\\taskboard.client\\src\\features\\pages\\components\\board\\Container.tsx","statementMap":{"0":{"start":{"line":39,"column":6},"end":{"line":177,"column":null}},"1":{"start":{"line":60,"column":10},"end":{"line":60,"column":null}},"2":{"start":{"line":63,"column":24},"end":{"line":63,"column":null}},"3":{"start":{"line":67,"column":21},"end":{"line":67,"column":null}},"4":{"start":{"line":71,"column":4},"end":{"line":71,"column":null}},"5":{"start":{"line":71,"column":43},"end":{"line":71,"column":73}},"6":{"start":{"line":73,"column":26},"end":{"line":73,"column":null}},"7":{"start":{"line":74,"column":8},"end":{"line":74,"column":null}},"8":{"start":{"line":78,"column":2},"end":{"line":87,"column":null}},"9":{"start":{"line":79,"column":4},"end":{"line":79,"column":null}},"10":{"start":{"line":79,"column":40},"end":{"line":79,"column":null}},"11":{"start":{"line":80,"column":10},"end":{"line":84,"column":null}},"12":{"start":{"line":81,"column":6},"end":{"line":83,"column":null}},"13":{"start":{"line":82,"column":8},"end":{"line":82,"column":null}},"14":{"start":{"line":85,"column":4},"end":{"line":85,"column":null}},"15":{"start":{"line":86,"column":4},"end":{"line":86,"column":null}},"16":{"start":{"line":86,"column":17},"end":{"line":86,"column":null}},"17":{"start":{"line":89,"column":2},"end":{"line":175,"column":null}},"18":{"start":{"line":106,"column":16},"end":{"line":106,"column":null}},"19":{"start":{"line":106,"column":73},"end":{"line":106,"column":77}},"20":{"start":{"line":113,"column":43},"end":{"line":113,"column":68}},"21":{"start":{"line":123,"column":35},"end":{"line":123,"column":42}},"22":{"start":{"line":128,"column":12},"end":{"line":144,"column":null}},"23":{"start":{"line":133,"column":50},"end":{"line":133,"column":77}},"24":{"start":{"line":141,"column":49},"end":{"line":141,"column":null}},"25":{"start":{"line":143,"column":30},"end":{"line":143,"column":null}},"26":{"start":{"line":153,"column":28},"end":{"line":153,"column":null}},"27":{"start":{"line":161,"column":25},"end":{"line":161,"column":null}},"28":{"start":{"line":172,"column":25},"end":{"line":172,"column":null}}},"fnMap":{"0":{"name":"(anonymous_0)","decl":{"start":{"line":39,"column":6},"end":{"line":39,"column":19}},"loc":{"start":{"line":58,"column":13},"end":{"line":177,"column":null}},"line":58},"1":{"name":"(anonymous_1)","decl":{"start":{"line":71,"column":30},"end":{"line":71,"column":37}},"loc":{"start":{"line":71,"column":43},"end":{"line":71,"column":73}},"line":71},"2":{"name":"(anonymous_2)","decl":{"start":{"line":78,"column":2},"end":{"line":78,"column":18}},"loc":{"start":{"line":78,"column":18},"end":{"line":87,"column":5}},"line":78},"3":{"name":"(anonymous_3)","decl":{"start":{"line":80,"column":10},"end":{"line":80,"column":27}},"loc":{"start":{"line":80,"column":45},"end":{"line":84,"column":null}},"line":80},"4":{"name":"(anonymous_4)","decl":{"start":{"line":86,"column":4},"end":{"line":86,"column":17}},"loc":{"start":{"line":86,"column":17},"end":{"line":86,"column":null}},"line":86},"5":{"name":"(anonymous_5)","decl":{"start":{"line":105,"column":14},"end":{"line":105,"column":null}},"loc":{"start":{"line":106,"column":16},"end":{"line":106,"column":null}},"line":106},"6":{"name":"(anonymous_6)","decl":{"start":{"line":106,"column":62},"end":{"line":106,"column":67}},"loc":{"start":{"line":106,"column":73},"end":{"line":106,"column":77}},"line":106},"7":{"name":"(anonymous_7)","decl":{"start":{"line":113,"column":28},"end":{"line":113,"column":43}},"loc":{"start":{"line":113,"column":43},"end":{"line":113,"column":68}},"line":113},"8":{"name":"(anonymous_8)","decl":{"start":{"line":123,"column":21},"end":{"line":123,"column":26}},"loc":{"start":{"line":123,"column":35},"end":{"line":123,"column":42}},"line":123},"9":{"name":"(anonymous_9)","decl":{"start":{"line":127,"column":17},"end":{"line":127,"column":22}},"loc":{"start":{"line":128,"column":12},"end":{"line":144,"column":null}},"line":128},"10":{"name":"(anonymous_10)","decl":{"start":{"line":133,"column":35},"end":{"line":133,"column":41}},"loc":{"start":{"line":133,"column":50},"end":{"line":133,"column":77}},"line":133},"11":{"name":"(anonymous_11)","decl":{"start":{"line":141,"column":31},"end":{"line":141,"column":49}},"loc":{"start":{"line":141,"column":49},"end":{"line":141,"column":null}},"line":141},"12":{"name":"(anonymous_12)","decl":{"start":{"line":143,"column":14},"end":{"line":143,"column":30}},"loc":{"start":{"line":143,"column":30},"end":{"line":143,"column":null}},"line":143},"13":{"name":"(anonymous_13)","decl":{"start":{"line":153,"column":12},"end":{"line":153,"column":28}},"loc":{"start":{"line":153,"column":28},"end":{"line":153,"column":null}},"line":153},"14":{"name":"(anonymous_14)","decl":{"start":{"line":161,"column":10},"end":{"line":161,"column":25}},"loc":{"start":{"line":161,"column":25},"end":{"line":161,"column":null}},"line":161},"15":{"name":"(anonymous_15)
[...]
":{"start":{"line":50,"column":6},"end":{"line":50,"column":null}},"27":{"start":{"line":53,"column":6},"end":{"line":53,"column":null}},"28":{"start":{"line":54,"column":6},"end":{"line":54,"column":null}},"29":{"start":{"line":57,"column":10},"end":{"line":75,"column":null}},"30":{"start":{"line":58,"column":6},"end":{"line":58,"column":null}},"31":{"start":{"line":58,"column":30},"end":{"line":58,"column":null}},"32":{"start":{"line":59,"column":6},"end":{"line":59,"column":null}},"33":{"start":{"line":61,"column":19},"end":{"line":61,"column":null}},"34":{"start":{"line":62,"column":19},"end":{"line":62,"column":null}},"35":{"start":{"line":64,"column":6},"end":{"line":64,"column":null}},"36":{"start":{"line":65,"column":6},"end":{"line":65,"column":null}},"37":{"start":{"line":66,"column":6},"end":{"line":66,"column":null}},"38":{"start":{"line":67,"column":6},"end":{"line":67,"column":null}},"39":{"start":{"line":68,"column":6},"end":{"line":68,"column":null}},"40":{"start":{"line":70,"column":6},"end":{"line":70,"column":null}},"41":{"start":{"line":71,"column":6},"end":{"line":71,"column":null}},"42":{"start":{"line":74,"column":6},"end":{"line":74,"column":null}},"43":{"start":{"line":78,"column":4},"end":{"line":78,"column":null}},"44":{"start":{"line":81,"column":10},"end":{"line":84,"column":null}},"45":{"start":{"line":82,"column":16},"end":{"line":82,"column":null}},"46":{"start":{"line":83,"column":6},"end":{"line":83,"column":null}},"47":{"start":{"line":87,"column":10},"end":{"line":90,"column":null}},"48":{"start":{"line":88,"column":6},"end":{"line":88,"column":null}},"49":{"start":{"line":88,"column":21},"end":{"line":88,"column":null}},"50":{"start":{"line":89,"column":6},"end":{"line":89,"column":null}},"51":{"start":{"line":93,"column":10},"end":{"line":119,"column":null}},"52":{"start":{"line":94,"column":6},"end":{"line":94,"column":null}},"53":{"start":{"line":94,"column":26},"end":{"line":94,"column":null}},"54":{"start":{"line":95,"column":6},"end":{"line":95,"column":null}},"55":{"start":{"line":95,"column":21},"end":{"line":95,"column":null}},"56":{"start":{"line":98,"column":6},"end":{"line":102,"column":null}},"57":{"start":{"line":100,"column":8},"end":{"line":100,"column":null}},"58":{"start":{"line":101,"column":8},"end":{"line":101,"column":null}},"59":{"start":{"line":105,"column":6},"end":{"line":108,"column":null}},"60":{"start":{"line":106,"column":8},"end":{"line":106,"column":null}},"61":{"start":{"line":107,"column":8},"end":{"line":107,"column":null}},"62":{"start":{"line":110,"column":20},"end":{"line":110,"column":null}},"63":{"start":{"line":112,"column":6},"end":{"line":112,"column":null}},"64":{"start":{"line":112,"column":41},"end":{"line":112,"column":null}},"65":{"start":{"line":114,"column":6},"end":{"line":116,"column":null}},"66":{"start":{"line":115,"column":8},"end":{"line":115,"column":null}},"67":{"start":{"line":118,"column":6},"end":{"line":118,"column":null}},"68":{"start":{"line":122,"column":10},"end":{"line":134,"column":null}},"69":{"start":{"line":124,"column":6},"end":{"line":124,"column":null}},"70":{"start":{"line":125,"column":6},"end":{"line":125,"column":null}},"71":{"start":{"line":127,"column":6},"end":{"line":130,"column":null}},"72":{"start":{"line":129,"column":8},"end":{"line":129,"column":null}},"73":{"start":{"line":133,"column":6},"end":{"line":133,"column":null}},"74":{"start":{"line":137,"column":10},"end":{"line":143,"column":null}},"75":{"start":{"line":138,"column":6},"end":{"line":142,"column":null}},"76":{"start":{"line":139,"column":8},"end":{"line":139,"column":null}},"77":{"start":{"line":140,"column":8},"end":{"line":140,"column":null}},"78":{"start":{"line":141,"column":8},"end":{"line":141,"column":null}},"79":{"start":{"line":147,"column":29},"end":{"line":147,"column":null}},"80":{"start":{"line":149,"column":10},"end":{"line":158,"column":null}},"81":{"start":{"line":150,"column":21},"end":{"line":150,"column":null}},"82":{"start":{"line":152,"column":8},"end":{"line":152,"column":null}},"83":{"start":{"line":154,"column":6},"end":{"line":157,"column":null}},"84":{"start":{"line":156,"column":8},"end":{"line":156,"column":null}},"85":{"start":{"line":161,"column":10},"end":{"line":163,"column":null}},"86":{"start":{"line":162,"column":6},"end":{"line":162,"column":null}},"87":{"start":{"line":166,"column":4},"end":{"line":166,"column":null}},"88":{"start":{"line":167,"column":4},"end":{"line":169,"column":null}},"89":{"start":{"line":168,"column":6},"end":{"line":168,"column":null}},"90":{"start":{"line":172,"column":52},"end":{"line":172,"column":null}},"91":{"start":{"line":173,"column":4},"end":{"line":173,"column":null}},"92":{"start":{"line":175,"column":4},"end":{"line":178,"column":null}},"93":{"start":{"line":177,"column":6},"end":{"line":177,"column":null}},"94":{"start":{"line":181,"column":4},"end":{"line":181,"column":null}},"95":{"start":{"line":184,"column":4},"end":{"line":184,"column":null}},"96":{"start":{"line":187,"column":4},"end":{"line":205,"column":null}},"97":{"start":{"line":188,"column":6},"end":{"line":188,"column":null}},"98":{"start":{"line":189,"column":6},"end":{"line":191,"column":null}},"99":{"start":{"line":190,"column":8},"end":{"line":190,"column":null}},"100":{"start":{"line":192,"column":6},"end":{"line":192,"column":null}},"101":{"start":{"line":194,"column":6},"end":{"line":196,"column":null}},"102":{"start":{"line":195,"column":8},"end":{"line":195,"column":null}},"103":{"start":{"line":198,"column":6},"end":{"line":198,"column":null}},"104":{"start":{"line":199,"column":6},"end":{"line":199,"column":null}},"105":{"start":{"line":202,"column":6},"end":{"line":202,"column":null}},"106":{"start":{"line":204,"column":6},"end":{"line":204,"column":null}}},"fnMap":{"0":{"name":"(anonymous_0)","decl":{"start":{"line":3,"column":13},"end":{"line":3,"column":null}},"loc":{"start":{"line":7,"column":5},"end":{"line":207,"column":null}},"line":7},"1":{"name":"(anonymous_1)","decl":{"start":{"line":10,"column":2},"end":{"line":10,"column":18}},"loc":{"start":{"line":10,"column":18},"end":{"line":12,"column":5}},"line":10},"2":{"name":"(anonymous_2)","decl":{"start":{"line":21,"column":2},"end":{"line":21,"column":18}},"loc":{"start":{"line":21,"column":18},"end":{"line":206,"column":5}},"line":21},"3":{"name":"(anonymous_3)","decl":{"start":{"line":38,"column":10},"end":{"line":38,"column":33}},"loc":{"start":{"line":38,"column":33},"end":{"line":55,"column":null}},"line":38},"4":{"name":"(anonymous_4)","decl":{"start":{"line":57,"column":10},"end":{"line":57,"column":35}},"loc":{"start":{"line":57,"column":35},"end":{"line":75,"column":null}},"line":57},"5":{"name":"(anonymous_5)","decl":{"start":{"line":81,"column":10},"end":{"line":81,"column":23}},"loc":{"start":{"line":81,"column":48},"end":{"line":84,"column":null}},"line":81},"6":{"name":"(anonymous_6)","decl":{"start":{"line":87,"column":10},"end":{"line":87,"column":31}},"loc":{"start":{"line":87,"column":51},"end":{"line":90,"column":null}},"line":87},"7":{"name":"(anonymous_7)","decl":{"start":{"line":93,"column":10},"end":{"line":93,"column":33}},"loc":{"start":{"line":93,"column":51},"end":{"line":119,"column":null}},"line":93},"8":{"name":"(anonymous_8)","decl":{"start":{"line":122,"column":10},"end":{"line":122,"column":26}},"loc":{"start":{"line":122,"column":39},"end":{"line":134,"column":null}},"line":122},"9":{"name":"(anonymous_9)","decl":{"start":{"line":137,"column":10},"end":{"line":137,"column":27}},"loc":{"start":{"line":137,"column":48},"end":{"line":143,"column":null}},"line":137},"10":{"name":"(anonymous_10)","decl":{"start":{"line":149,"column":10},"end":{"line":149,"column":29}},"loc":{"start":{"line":149,"column":47},"end":{"line":158,"column":null}},"line":149},"11":{"name":"(anonymous_11)","decl":{"start":{"line":161,"column":10},"end":{"line":161,"column":36}},"loc":{"start":{"line":161,"column":36},"end":{"line":163,"column":null}},"line":161},"12":{"name":"(anonymous_12)","decl":{"start":{"line":187,"column":4},"end":{"line":187,"column":17}},"loc":{"start":{"line":187,"column":17},"end":{"line":205,"column":null}},"line":187}},"branchMap":{"0":{"loc":{"start":{"line":23,"column":4},"end":{"line":23,"column":null}},"type":"if","locations":[{"start":{"line":23,"column":4},"end":{"line":23,"column":null}},{"start":{},"end":{}}],"line":23},"1":{"loc":{"start":{"line":26,"column":4},"end":{"line":32,"column":null}},"type":"if","locations":[{"start":{"line":26,"column":4},"end":{"line":32,"column":null}},{"start":{},"end":{}}],"line":26},"2":{"loc":{"start":{"line":39,"column":6},"end":{"line":39,"column":null}},"type":"if","locations":[{"start":{"line":39,"column":6},"end":{"line":39,"column":null}},{"start":{},"end":{}}],"line":39},"3":{"loc":{"start":{"line":58,"column":6},"end":{"line":58,"column":null}},"type":"if","locations":[{"start":{"line":58,"column":6},"end":{"line":58,"column":null}},{"start":{},"end":{}}],"line":58},"4":{"loc":{"start":{"line":83,"column":13},"end":{"line":83,"column":null}},"type":"binary-expr","locations":[{"start":{"line":83,"column":13},"end":{"line":83,"column":27}},{"start":{"line":83,"column":27},"end":{"line":83,"column":42}},{"start":{"line":83,"column":42},"end":{"line":83,"column":55}},{"start":{"line":83,"column":55},"end":{"line":83,"column":null}}],"line":83},"5":{"loc":{"start":{"line":88,"column":6},"end":{"line":88,"column":null}},"type":"if","locations":[{"start":{"line":88,"column":6},"end":{"line":88,"column":null}},{"start":{},"end":{}}],"line":88},"6":{"loc":{"start":{"line":94,"column":6},"end":{"line":94,"column":null}},"type":"if","locations":[{"start":{"line":94,"column":6},"end":{"line":94,"column":null}},{"start":{},"end":{}}],"line":94},"7":{"loc":{"start":{"line":95,"column":6},"end":{"line":95,"column":null}},"type":"if","locations":[{"start":{"line":95,"column":6},"end":{"line":95,"column":null}},{"start":{},"end":{}}],"line":95},"8":{"loc":{"start":{"line":98,"column":6},"end":{"line":102,"column":null}},"type":"if","locations":[{"start":{"line":98,"column":6},"end":{"line":102,"column":null}},{"start":{},"end":{}}],"line":98},"9":{"loc":{"start":{"line":105,"column":6},"end":{"line":108,"column":null}},"type":"if","locations":[{"start":{"line":105,"column":6},"end":{"line":108,"column":null}},{"start":{},"end":{}}],"line":105},"10":{"loc":{"start":{"line":112,"column":6},"end":{"line":112,"column":null}},"type":"if","locations":[{"start":{"line":112,"column":6},"end":{"line":112,"column":null}},{"start":{},"end":{}}],"line":112},"11":{"loc":{"start":{"line":114,"column":6},"end":{"line":116,"column":null}},"type":"if","locations":[{"start":{"line":114,"column":6},"end":{"line":116,"column":null}},{"start":{},"end":{}}],"line":114},"12":{"loc":{"start":{"line":127,"column":6},"end":{"line":130,"column":null}},"type":"if","locations":[{"start":{"line":127,"column":6},"end":{"line":130,"column":null}},{"start":{},"end":{}}],"line":127},"13":{"loc":{"start":{"line":138,"column":6},"end":{"line":142,"column":null}},"type":"if","locations":[{"start":{"line":138,"column":6},"end":{"line":142,"column":null}},{"start":{},"end":{}}],"line":138},"14":{"loc":{"start":{"line":138,"column":10},"end":{"line":138,"column":69}},"type":"binary-expr","locations":[{"start":{"line":138,"column":10},"end":{"line":138,"column":29}},{"start":{"line":138,"column":29},"end":{"line":138,"column":51}},{"start":{"line":138,"column":51},"end":{"line":138,"column":69}}],"line":138},"15":{"loc":{"start":{"line":152,"column":8},"end":{"line":152,"column":null}},"type":"cond-expr","locations":[{"start":{"line":152,"column":37},"end":{"line":152,"column":73}},{"start":{"line":152,"column":73},"end":{"line":152,"column":null}}],"line":152},"16":{"loc":{"start":{"line":152,"column":8},"end":{"line":152,"column":37}},"type":"binary-expr","locations":[{"start":{"line":152,"column":8},"end":{"line":152,"column":28}},{"start":{"line":152,"column":28},"end":{"line":152,"column":37}}],"line":152},"17":{"loc":{"start":{"line":154,"column":6},"end":{"line":157,"column":null}},"type":"if","locations":[{"start":{"line":154,"column":6},"end":{"line":157,"column":null}},{"start":{},"end":{}}],"line":154},"18":{"loc":{"start":{"line":167,"column":4},"end":{"line":169,"column":null}},"type":"if","locations":[{"start":{"line":167,"column":4},"end":{"line":169,"column":null}},{"start":{},"end":{}}],"line":167},"19":{"loc":{"start":{"line":175,"column":4},"end":{"line":178,"column":null}},"type":"if","locations":[{"start":{"line":175,"column":4},"end":{"line":178,"column":null}},{"start":{},"end":{}}],"line":175},"20":{"loc":{"start":{"line":189,"column":6},"end":{"line":191,"column":null}},"type":"if","locations":[{"start":{"line":189,"column":6},"end":{"line":191,"column":null}},{"start":{},"end":{}}],"line":189},"21":{"loc":{"start":{"line":194,"column":6},"end":{"line":196,"column":null}},"type":"if","locations":[{"start":{"line":194,"column":6},"end":{"line":196,"column":null}},{"start":{},"end":{}}],"line":194}},"s":{"0":9,"1":74,"2":74,"3":74,"4":74,"5":74,"6":74,"7":74,"8":30,"9":30,"10":0,"11":30,"12":30,"13":30,"14":30,"15":30,"16":30,"17":0,"18":30,"19":30,"20":30,"21":30,"22":30,"23":30,"24":30,"25":30,"26":30,"27":30,"28":30,"29":30,"30":30,"31":0,"32":30,"33":30,"34":30,"35":30,"36":30,"37":30,"38":30,"39":30,"40":30,"41":30,"42":30,"43":30,"44":30,"45":34,"46":34,"47":30,"48":34,"49":0,"50":34,"51":30,"52":36,"53":0,"54":36,"55":0,"56":36,"57":2,"58":2,"59":34,"60":34,"61":34,"62":0,"63":0,"64":0,"65":0,"66":0,"67":0,"68":30,"69":0,"70":0,"71":0,"72":0,"73":0,"74":30,"75":0,"76":0,"77":0,"78":0,"79":30,"80":30,"81":0,"82":0,"83":0,"84":0,"85":30,"86":0,"87":30,"88":30,"89":30,"90":30,"91":30,"92":30,"93":0,"94":30,"95":30,"96":30,"97":30,"98":30,"99":30,"100":30,"101":30,"102":0,"103":30,"104":30,"105":30,"106":30},"f":{"0":74,"1":74,"2":30,"3":30,"4":30,"5":34,"6":34,"7":36,"8":0,"9":0,"10":0,"11":0,"12":30},"b":{"0":[0,30],"1":[30,0],"2":[0,30],"3":[0,30],"4":[34,34,34,34],"5":[0,34],"6":[0,36],"7":[0,36],"8":[2,34],"9":[34,0],"10":[0,0],"11":[0,0],"12":[0,0],"13":[0,0],"14":[0,0,0],"15":[0,0],"16":[0,0],"17":[0,0],"18":[30,0],"19":[0,30],"20":[30,0],"21":[0,30]},"meta":{"lastBranch":22,"lastFunction":13,"lastStatement":107,"seen":{"s:3:13:207:Infinity":0,"f:3:13:3:Infinity":0,"s:9:8:9:Infinity":1,"s:10:2:12:Infinity":2,"f:10:2:10:18":1,"s:11:4:11:Infinity":3,"s:15:8:15:Infinity":4,"s:16:8:16:Infinity":5,"s:19:8:19:Infinity":6,"s:21:2:206:Infinity":7,"f:21:2:21:18":2,"s:22:16:22:Infinity":8,"b:23:4:23:Infinity:undefined:undefined:undefined:undefined":0,"s:23:4:23:Infinity":9,"s:23:14:23:Infinity":10,"b:26:4:32:Infinity:undefined:undefined:undefined:undefined":1,"s:26:4:32:Infinity":11,"s:27:6:31:Infinity":12,"s:28:8:28:Infinity":13,"s:35:4:35:Infinity":14,"s:38:10:55:Infinity":15,"f:38:10:38:33":3,"b:39:6:39:Infinity:undefined:undefined:undefined:undefined":2,"s:39:6:39:Infinity":16,"s:39:29:39:Infinity":17,"s:40:6:40:Infinity":18,"s:42:6:42:Infinity":19,"s:43:19:43:Infinity":20,"s:44:19:44:Infinity":21,"s:46:6:46:Infinity":22,"s:47:6:47:Infinity":23,"s:48:6:48:Infinity":24,"s:49:6:49:Infinity":25,"s:50:6:50:Infinity":26,"s:53:6:53:Infinity":27,"s:54:6:54:Infinity":28,"s:57:10:75:Infinity":29,"f:57:10:57:35":4,"b:58:6:58:Infinity:undefined:undefined:undefined:undefined":3,"s:58:6:58:Infinity":30,"s:58:30:58:Infinity":31,"s:59:6:59:Infinity":32,"s:61:19:61:Infinity":33,"s:62:19:62:Infinity":34,"s:64:6:64:Infinity":35,"s:65:6:65:Infinity":36,"s:66:6:66:Infinity":37,"s:67:6:67:Infinity":38,"s:68:6:68:Infinity":39,"s:70:6:70:Infinity":40,"s:71:6:71:Infinity":41,"s:74:6:74:Infinity":42,"s:78:4:78:Infinity":43,"s:81:10:84:Infinity":44,"f:81:10:81:23":5,"s:82:16:82:Infinity":45,"s:83:6:83:Infinity":46,"b:83:13:83:27:83:27:83:42:83:42:83:55:83:55:83:Infinity":4,"s:87:10:90:Infinity":47,"f:87:10:87:31":6,"b:88:6:88:Infinity:undefined:undefined:undefined:undefined":5,"s:88:6:88:Infinity":48,"s:88:21:88:Infinity":49,"s:89:6:89:Infinity":50,"s:93:10:119:Infinity":51,"f:93:10:93:33":7,"b:94:6:94:Infinity:undefined:undefined:undefined:undefined":6,"s:94:6:94:Infinity":52,"s:94:26:94:Infinity":53,"b:95:6:95:Infinity:undefined:undefined:undefined:undefined":7,"s:95:6:95:Infinity":54,"s:95:21:95:Infinity":55,"b:98:6:102:Infinity:undefined:undefined:undefined:undefined":8,"s:98:6:102:Infinity":56,"s:100:8:100:Infinity":57,"s:101:8:101:Infinity":58,"b:105:6:108:Infinity:undefined:undefined:undefined:undefined":9,"s:105:6:108:Infinity":59,"s:106:8:106:Infinity":60,"s:107:8:107:Infinity":61,"s:110:20:110:Infinity":62,"b:112:6:112:Infinity:undefined:undefined:undefined:undefined":10,"s:112:6:112:Infinity":63,"s:112:41:112:Infinity":64,"b:114:6:116:Infinity:undefined:undefined:undefined:undefined":11,"s:114:6:116:Infinity":65,"s:115:8:115:Infinity":66,"s:118:6:118:Infinity":67,"s:122:10:134:Infinity":68,"f:122:10:122:26":8,"s:124:6:124:Infinity":69,"s:125:6:125:Infinity":70,"b:127:6:130:Infinity:undefined:undefined:undefined:undefined":12,"s:127:6:130:Infinity":71,"s:129:8:129:Infinity":72,"s:133:6:133:Infinity":73,"s:137:10:143:Infinity":74,"f:137:10:137:27":9,"b:138:6:142:Infinity:undefined:undefined:undefined:undefined":13,"s:138:6:142:Infinity":75,"b:138:10:138:29:138:29:138:51:138:51:138:69":14,"s:139:8:139:Infinity":76,"s:140:8:140:Infinity":77,"s:141:8:141:Infinity":78,"s:147:29:147:Infinity":79,"s:149:10:158:Infinity":80,"f:149:10:149:29":10,"s:150:21:150:Infinity":81,"s:152:8:152:Infinity":82,"b:152:37:152:73:152:73:152:Infinity":15,"b:152:8:152:28:152:28:152:37":16,"b:154:6:157:Infinity:undefined:undefined:undefined:undefined":17,"s:154:6:157:Infinity":83,"s:156:8:156:Infinity":84,"s:161:10:163:Infinity":85,"f:161:10:161:36":11,"s:162:6:162:Infinity":86,"s:166:4:166:Infinity":87,"b:167:4:169:Infinity:undefined:undefined:undefined:undefined":18,"s:167:4:169:Infinity":88,"s:168:6:168:Infinity":89,"s:172:52:172:Infinity":90,"s:173:4:173:Infinity":91,"b:175:4:178:Infinity:undefined:undefined:undefined:undefined":19,"s:175:4:178:Infinity":92,"s:177:6:177:Infinity":93,"s:181:4:181:Infinity":94,"s:184:4:184:Infinity":95,"s:187:4:205:Infinity":96,"f:187:4:187:17":12,"s:188:6:188:Infinity":97,"b:189:6:191:Infinity:undefined:undefined:undefined:undefined":20,"s:189:6:191:Infinity":98,"s:190:8:190:Infinity":99,"s:192:6:192:Infinity":100,"b:194:6:196:Infinity:undefined:undefined:undefined:undefined":21,"s:194:6:196:Infinity":101,"s:195:8:195:Infinity":102,"s:198:6:198:Infinity":103,"s:199:6:199:Infinity":104,"s:202:6:202:Infinity":105,"s:204:6:204:Infinity":106},"fnNames":{}}}
,"C:\\Users\\k_tsunooka\\Desktop\\TaskBoard\\taskboard.client\\src\\lib\\supabase.ts": {"path":"C:\\Users\\k_tsunooka\\Desktop\\TaskBoard\\taskboard.client\\src\\lib\\supabase.ts","statementMap":{"0":{"start":{"line":5,"column":20},"end":{"line":5,"column":null}},"1":{"start":{"line":6,"column":24},"end":{"line":6,"column":null}},"2":{"start":{"line":8,"column":0},"end":{"line":12,"column":null}},"3":{"start":{"line":9,"column":2},"end":{"line":11,"column":null}},"4":{"start":{"line":14,"column":13},"end":{"line":14,"column":null}}},"fnMap":{},"branchMap":{"0":{"loc":{"start":{"line":8,"column":0},"end":{"line":12,"column":null}},"type":"if","locations":[{"start":{"line":8,"column":0},"end":{"line":12,"column":null}},{"start":{},"end":{}}],"line":8},"1":{"loc":{"start":{"line":8,"column":4},"end":{"line":8,"column":38}},"type":"binary-expr","locations":[{"start":{"line":8,"column":4},"end":{"line":8,"column":20}},{"start":{"line":8,"column":20},"end":{"line":8,"column":38}}],"line":8}},"s":{"0":3,"1":3,"2":3,"3":0,"4":3},"f":{},"b":{"0":[0,3],"1":[3,3]},"meta":{"lastBranch":2,"lastFunction":0,"lastStatement":5,"seen":{"s:5:20:5:Infinity":0,"s:6:24:6:Infinity":1,"b:8:0:12:Infinity:undefined:undefined:undefined:undefined":0,"s:8:0:12:Infinity":2,"b:8:4:8:20:8:20:8:38":1,"s:9:2:11:Infinity":3,"s:14:13:14:Infinity":4},"fnNames":{}}}
}
